#
# There is insufficient memory for the Java Runtime Environment to continue.
# Native memory allocation (malloc) failed to allocate 1190128 bytes for Chunk::new
# Possible reasons:
#   The system is out of physical RAM or swap space
#   The process is running with CompressedOops enabled, and the Java Heap may be blocking the growth of the native heap
# Possible solutions:
#   Reduce memory load on the system
#   Increase physical memory or swap space
#   Check if swap backing store is full
#   Decrease Java heap size (-Xmx/-Xms)
#   Decrease number of Java threads
#   Decrease Java thread stack sizes (-Xss)
#   Set larger code cache with -XX:ReservedCodeCacheSize=
#   JVM is running with Unscaled Compressed Oops mode in which the Java heap is
#     placed in the first 4GB address space. The Java Heap base address is the
#     maximum limit for the native heap growth. Please use -XX:HeapBaseMinAddress
#     to set the Java Heap base and to place the Java Heap above 4GB virtual address.
# This output file may be truncated or incomplete.
#
#  Out of Memory Error (arena.cpp:184), pid=18252, tid=10468
#
# JRE version: Java(TM) SE Runtime Environment (18.0.1.1+2) (build 18.0.1.1+2-6)
# Java VM: Java HotSpot(TM) 64-Bit Server VM (18.0.1.1+2-6, mixed mode, sharing, tiered, compressed oops, compressed class ptrs, g1 gc, windows-amd64)
# No core dump will be written. Minidumps are not enabled by default on client versions of Windows
#

---------------  S U M M A R Y ------------

Command Line: -javaagent:C:\Program Files\JetBrains\IntelliJ IDEA Community Edition 2022.2\lib\idea_rt.jar=58486:C:\Program Files\JetBrains\IntelliJ IDEA Community Edition 2022.2\bin -Dfile.encoding=UTF-8 com.mintic.DevCore.DevCoreApplication

Host: Intel(R) Core(TM) i5-6200U CPU @ 2.30GHz, 4 cores, 7G,  Windows 10 , 64 bit Build 19041 (10.0.19041.1889)
Time: Tue Sep  6 08:38:53 2022 Hora est. Pacífico, Sudamérica elapsed time: 11.778992 seconds (0d 0h 0m 11s)

---------------  T H R E A D  ---------------

Current thread (0x000002017e17e580):  JavaThread "C2 CompilerThread0" daemon [_thread_in_native, id=10468, stack(0x000000fa1b200000,0x000000fa1b300000)]


Current CompileTask:
C2:  11779 5028   !   4       org.springframework.util.ReflectionUtils::doWithMethods (207 bytes)

Stack: [0x000000fa1b200000,0x000000fa1b300000]
Native frames: (J=compiled Java code, j=interpreted, Vv=VM code, C=native code)
V  [jvm.dll+0x69887a]
V  [jvm.dll+0x7f38bd]
V  [jvm.dll+0x7f51ce]
V  [jvm.dll+0x7f5883]
V  [jvm.dll+0x25ca3f]
V  [jvm.dll+0xb8c2f]
V  [jvm.dll+0xb8fa5]
V  [jvm.dll+0x385a6b]
V  [jvm.dll+0x1d27c2]
V  [jvm.dll+0x22fd79]
V  [jvm.dll+0x22eff1]
V  [jvm.dll+0x1b9cfc]
V  [jvm.dll+0x23e8ca]
V  [jvm.dll+0x23cbb5]
V  [jvm.dll+0x7a5fb1]
V  [jvm.dll+0x7a03ea]
V  [jvm.dll+0x697725]
C  [ucrtbase.dll+0x21bb2]
C  [KERNEL32.DLL+0x17034]
C  [ntdll.dll+0x52651]


---------------  P R O C E S S  ---------------

Threads class SMR info:
_java_thread_list=0x000002011628f4e0, length=31, elements={
0x000002017e15ab30, 0x000002017e15b3a0, 0x000002017e1769f0, 0x000002017e176fa0,
0x000002017e177550, 0x000002017e17dca0, 0x000002017e17e580, 0x000002017e17d590,
0x000002017e1abb20, 0x000002017e1476e0, 0x000002017e609aa0, 0x000002017e609f60,
0x000002017ef0a970, 0x000002017ef0bcb0, 0x000002017ef0c180, 0x000002017ef0d990,
0x000002017ef0d4c0, 0x000002017ecef530, 0x000002017ef0b310, 0x000002017ef0e330,
0x000002017ef0ae40, 0x0000020113731080, 0x0000020113731550, 0x00000201137353e0,
0x000002011372ea00, 0x0000020113731ef0, 0x0000020113733700, 0x0000020113733bd0,
0x00000201137323c0, 0x00000201137340a0, 0x0000020113731a20
}

Java Threads: ( => current thread )
  0x000002017e15ab30 JavaThread "Reference Handler" daemon [_thread_blocked, id=12436, stack(0x000000fa1ac00000,0x000000fa1ad00000)]
  0x000002017e15b3a0 JavaThread "Finalizer" daemon [_thread_blocked, id=11628, stack(0x000000fa1ad00000,0x000000fa1ae00000)]
  0x000002017e1769f0 JavaThread "Signal Dispatcher" daemon [_thread_blocked, id=5688, stack(0x000000fa1ae00000,0x000000fa1af00000)]
  0x000002017e176fa0 JavaThread "Attach Listener" daemon [_thread_blocked, id=20432, stack(0x000000fa1af00000,0x000000fa1b000000)]
  0x000002017e177550 JavaThread "Service Thread" daemon [_thread_blocked, id=8892, stack(0x000000fa1b000000,0x000000fa1b100000)]
  0x000002017e17dca0 JavaThread "Monitor Deflation Thread" daemon [_thread_blocked, id=11584, stack(0x000000fa1b100000,0x000000fa1b200000)]
=>0x000002017e17e580 JavaThread "C2 CompilerThread0" daemon [_thread_in_native, id=10468, stack(0x000000fa1b200000,0x000000fa1b300000)]
  0x000002017e17d590 JavaThread "C1 CompilerThread0" daemon [_thread_blocked, id=21136, stack(0x000000fa1b300000,0x000000fa1b400000)]
  0x000002017e1abb20 JavaThread "Sweeper thread" daemon [_thread_blocked, id=15948, stack(0x000000fa1b400000,0x000000fa1b500000)]
  0x000002017e1476e0 JavaThread "Common-Cleaner" daemon [_thread_blocked, id=9192, stack(0x000000fa1b500000,0x000000fa1b600000)]
  0x000002017e609aa0 JavaThread "Monitor Ctrl-Break" daemon [_thread_in_native, id=13560, stack(0x000000fa1b700000,0x000000fa1b800000)]
  0x000002017e609f60 JavaThread "Notification Thread" daemon [_thread_blocked, id=10568, stack(0x000000fa1b800000,0x000000fa1b900000)]
  0x000002017ef0a970 JavaThread "Catalina-utility-1" [_thread_blocked, id=13824, stack(0x000000fa1be00000,0x000000fa1bf00000)]
  0x000002017ef0bcb0 JavaThread "Catalina-utility-2" [_thread_blocked, id=14300, stack(0x000000fa1bf00000,0x000000fa1c000000)]
  0x000002017ef0c180 JavaThread "container-0" [_thread_blocked, id=10172, stack(0x000000fa1c000000,0x000000fa1c100000)]
  0x000002017ef0d990 JavaThread "HikariPool-1 housekeeper" daemon [_thread_blocked, id=7300, stack(0x000000fa1c200000,0x000000fa1c300000)]
  0x000002017ef0d4c0 JavaThread "HikariPool-1 connection adder" daemon [_thread_blocked, id=2820, stack(0x000000fa1c300000,0x000000fa1c400000)]
  0x000002017ecef530 JavaThread "C2 CompilerThread1" daemon [_thread_in_native, id=16996, stack(0x000000fa1c100000,0x000000fa1c200000)]
  0x000002017ef0b310 JavaThread "http-nio-8080-exec-1" daemon [_thread_blocked, id=10904, stack(0x000000fa1c400000,0x000000fa1c500000)]
  0x000002017ef0e330 JavaThread "http-nio-8080-exec-2" daemon [_thread_blocked, id=18220, stack(0x000000fa1c500000,0x000000fa1c600000)]
  0x000002017ef0ae40 JavaThread "http-nio-8080-exec-3" daemon [_thread_blocked, id=12200, stack(0x000000fa1c600000,0x000000fa1c700000)]
  0x0000020113731080 JavaThread "http-nio-8080-exec-4" daemon [_thread_blocked, id=11548, stack(0x000000fa1c700000,0x000000fa1c800000)]
  0x0000020113731550 JavaThread "http-nio-8080-exec-5" daemon [_thread_blocked, id=18840, stack(0x000000fa1c800000,0x000000fa1c900000)]
  0x00000201137353e0 JavaThread "http-nio-8080-exec-6" daemon [_thread_blocked, id=6188, stack(0x000000fa1c900000,0x000000fa1ca00000)]
  0x000002011372ea00 JavaThread "http-nio-8080-exec-7" daemon [_thread_blocked, id=2488, stack(0x000000fa1ca00000,0x000000fa1cb00000)]
  0x0000020113731ef0 JavaThread "http-nio-8080-exec-8" daemon [_thread_blocked, id=16784, stack(0x000000fa1cb00000,0x000000fa1cc00000)]
  0x0000020113733700 JavaThread "http-nio-8080-exec-9" daemon [_thread_blocked, id=15092, stack(0x000000fa1cc00000,0x000000fa1cd00000)]
  0x0000020113733bd0 JavaThread "http-nio-8080-exec-10" daemon [_thread_blocked, id=12692, stack(0x000000fa1cd00000,0x000000fa1ce00000)]
  0x00000201137323c0 JavaThread "http-nio-8080-Poller" daemon [_thread_in_native, id=4460, stack(0x000000fa1ce00000,0x000000fa1cf00000)]
  0x00000201137340a0 JavaThread "http-nio-8080-Acceptor" daemon [_thread_in_native, id=10440, stack(0x000000fa1cf00000,0x000000fa1d000000)]
  0x0000020113731a20 JavaThread "DestroyJavaVM" [_thread_blocked, id=16536, stack(0x000000fa1a500000,0x000000fa1a600000)]

Other Threads:
  0x000002017e157b30 VMThread "VM Thread" [stack: 0x000000fa1ab00000,0x000000fa1ac00000] [id=20484]
  0x000002017e60b0b0 WatcherThread "VM Periodic Task Thread" [stack: 0x000000fa1b900000,0x000000fa1ba00000] [id=2512]
  0x000002016f8da3e0 WorkerThread "GC Thread#0" [stack: 0x000000fa1a600000,0x000000fa1a700000] [id=8428]
  0x000002017eba47c0 WorkerThread "GC Thread#1" [stack: 0x000000fa1ba00000,0x000000fa1bb00000] [id=17292]
  0x000002017eb451b0 WorkerThread "GC Thread#2" [stack: 0x000000fa1bb00000,0x000000fa1bc00000] [id=11480]
  0x000002017eaf4c70 WorkerThread "GC Thread#3" [stack: 0x000000fa1bc00000,0x000000fa1bd00000] [id=19256]
  0x000002016f8ed030 ConcurrentGCThread "G1 Main Marker" [stack: 0x000000fa1a700000,0x000000fa1a800000] [id=10508]
  0x000002016f8ef1d0 WorkerThread "G1 Conc#0" [stack: 0x000000fa1a800000,0x000000fa1a900000] [id=16328]
  0x000002016f9305c0 ConcurrentGCThread "G1 Refine#0" [stack: 0x000000fa1a900000,0x000000fa1aa00000] [id=7356]
  0x000002017eb18630 ConcurrentGCThread "G1 Refine#1" [stack: 0x000000fa1bd00000,0x000000fa1be00000] [id=20572]
  0x000002016f930ae0 ConcurrentGCThread "G1 Service" [stack: 0x000000fa1aa00000,0x000000fa1ab00000] [id=10912]

Threads with active compile tasks:
C2 CompilerThread0    11871 5028   !   4       org.springframework.util.ReflectionUtils::doWithMethods (207 bytes)
C2 CompilerThread1    11871 5042       4       org.springframework.core.ResolvableType::forType (115 bytes)

VM state: not at safepoint (normal execution)

VM Mutex/Monitor currently owned by a thread: None

Heap address: 0x0000000081800000, size: 2024 MB, Compressed Oops mode: 32-bit

CDS archive(s) mapped at: [0x0000000800000000-0x0000000800ba0000-0x0000000800ba0000), size 12189696, SharedBaseAddress: 0x0000000800000000, ArchiveRelocationMode: 0.
Compressed class space mapped at: 0x0000000800c00000-0x0000000840c00000, reserved size: 1073741824
Narrow klass base: 0x0000000800000000, Narrow klass shift: 0, Narrow klass range: 0x100000000

GC Precious Log:
 CardTable entry size: 512
 Card Set container configuration: InlinePtr #cards 5 size 8 Array Of Cards #cards 12 size 40 Howl #buckets 4 coarsen threshold 1843 Howl Bitmap #cards 512 size 80 coarsen threshold 460 Card regions per heap region 1 cards per card region 2048
 CPUs: 4 total, 4 available
 Memory: 8091M
 Large Page Support: Disabled
 NUMA Support: Disabled
 Compressed Oops: Enabled (32-bit)
 Heap Region Size: 1M
 Heap Min Capacity: 8M
 Heap Initial Capacity: 128M
 Heap Max Capacity: 2024M
 Pre-touch: Disabled
 Parallel Workers: 4
 Concurrent Workers: 1
 Concurrent Refinement Workers: 4
 Periodic GC: Disabled

Heap:
 garbage-first heap   total 51200K, used 24936K [0x0000000081800000, 0x0000000100000000)
  region size 1024K, 4 young (4096K), 2 survivors (2048K)
 Metaspace       used 49672K, committed 50112K, reserved 1114112K
  class space    used 6566K, committed 6784K, reserved 1048576K

Heap Regions: E=young(eden), S=young(survivor), O=old, HS=humongous(starts), HC=humongous(continues), CS=collection set, F=free, OA=open archive, CA=closed archive, TAMS=top-at-mark-start (previous, next)
|   0|0x0000000081800000, 0x0000000081900000, 0x0000000081900000|100%|HS|  |TAMS 0x0000000081900000, 0x0000000081800000| Complete 
|   1|0x0000000081900000, 0x0000000081a00000, 0x0000000081a00000|100%| O|  |TAMS 0x0000000081a00000, 0x0000000081900000| Untracked 
|   2|0x0000000081a00000, 0x0000000081b00000, 0x0000000081b00000|100%| O|  |TAMS 0x0000000081b00000, 0x0000000081a00000| Untracked 
|   3|0x0000000081b00000, 0x0000000081c00000, 0x0000000081c00000|100%| O|  |TAMS 0x0000000081c00000, 0x0000000081b00000| Untracked 
|   4|0x0000000081c00000, 0x0000000081d00000, 0x0000000081d00000|100%| O|  |TAMS 0x0000000081d00000, 0x0000000081c00000| Untracked 
|   5|0x0000000081d00000, 0x0000000081e00000, 0x0000000081e00000|100%| O|  |TAMS 0x0000000081e00000, 0x0000000081d00000| Untracked 
|   6|0x0000000081e00000, 0x0000000081e5ce00, 0x0000000081f00000| 36%| O|  |TAMS 0x0000000081e5ce00, 0x0000000081e00000| Untracked 
|   7|0x0000000081f00000, 0x0000000082000000, 0x0000000082000000|100%| O|  |TAMS 0x0000000082000000, 0x0000000081f00000| Untracked 
|   8|0x0000000082000000, 0x0000000082100000, 0x0000000082100000|100%| O|  |TAMS 0x0000000082100000, 0x0000000082000000| Untracked 
|   9|0x0000000082100000, 0x0000000082200000, 0x0000000082200000|100%| O|  |TAMS 0x0000000082200000, 0x0000000082100000| Untracked 
|  10|0x0000000082200000, 0x0000000082300000, 0x0000000082300000|100%| O|  |TAMS 0x0000000082300000, 0x0000000082200000| Untracked 
|  11|0x0000000082300000, 0x0000000082400000, 0x0000000082400000|100%| O|  |TAMS 0x0000000082400000, 0x0000000082300000| Untracked 
|  12|0x0000000082400000, 0x0000000082500000, 0x0000000082500000|100%| O|  |TAMS 0x0000000082500000, 0x0000000082400000| Untracked 
|  13|0x0000000082500000, 0x0000000082600000, 0x0000000082600000|100%| O|  |TAMS 0x0000000082600000, 0x0000000082500000| Untracked 
|  14|0x0000000082600000, 0x0000000082700000, 0x0000000082700000|100%| O|  |TAMS 0x0000000082700000, 0x0000000082600000| Untracked 
|  15|0x0000000082700000, 0x0000000082800000, 0x0000000082800000|100%| O|  |TAMS 0x00000000827a2800, 0x0000000082700000| Untracked 
|  16|0x0000000082800000, 0x0000000082900000, 0x0000000082900000|100%| O|  |TAMS 0x0000000082800000, 0x0000000082800000| Untracked 
|  17|0x0000000082900000, 0x0000000082a00000, 0x0000000082a00000|100%| O|  |TAMS 0x0000000082900000, 0x0000000082900000| Untracked 
|  18|0x0000000082a00000, 0x0000000082b00000, 0x0000000082b00000|100%| O|  |TAMS 0x0000000082a00000, 0x0000000082a00000| Untracked 
|  19|0x0000000082b00000, 0x0000000082c00000, 0x0000000082c00000|100%| O|  |TAMS 0x0000000082b00000, 0x0000000082b00000| Untracked 
|  20|0x0000000082c00000, 0x0000000082d00000, 0x0000000082d00000|100%| O|  |TAMS 0x0000000082c00000, 0x0000000082c00000| Untracked 
|  21|0x0000000082d00000, 0x0000000082dfd200, 0x0000000082e00000| 98%| O|  |TAMS 0x0000000082d00000, 0x0000000082d00000| Untracked 
|  22|0x0000000082e00000, 0x0000000082e00000, 0x0000000082f00000|  0%| F|  |TAMS 0x0000000082e00000, 0x0000000082e00000| Untracked 
|  23|0x0000000082f00000, 0x0000000082f00000, 0x0000000083000000|  0%| F|  |TAMS 0x0000000082f00000, 0x0000000082f00000| Untracked 
|  24|0x0000000083000000, 0x0000000083000000, 0x0000000083100000|  0%| F|  |TAMS 0x0000000083000000, 0x0000000083000000| Untracked 
|  25|0x0000000083100000, 0x0000000083100000, 0x0000000083200000|  0%| F|  |TAMS 0x0000000083100000, 0x0000000083100000| Untracked 
|  26|0x0000000083200000, 0x0000000083200000, 0x0000000083300000|  0%| F|  |TAMS 0x0000000083200000, 0x0000000083200000| Untracked 
|  27|0x0000000083300000, 0x0000000083300000, 0x0000000083400000|  0%| F|  |TAMS 0x0000000083300000, 0x0000000083300000| Untracked 
|  28|0x0000000083400000, 0x0000000083400000, 0x0000000083500000|  0%| F|  |TAMS 0x0000000083400000, 0x0000000083400000| Untracked 
|  29|0x0000000083500000, 0x0000000083500000, 0x0000000083600000|  0%| F|  |TAMS 0x0000000083500000, 0x0000000083500000| Untracked 
|  30|0x0000000083600000, 0x0000000083700000, 0x0000000083700000|100%| S|CS|TAMS 0x0000000083600000, 0x0000000083600000| Complete 
|  31|0x0000000083700000, 0x0000000083700000, 0x0000000083800000|  0%| F|  |TAMS 0x0000000083700000, 0x0000000083700000| Untracked 
|  32|0x0000000083800000, 0x0000000083900000, 0x0000000083900000|100%| S|CS|TAMS 0x0000000083800000, 0x0000000083800000| Complete 
|  33|0x0000000083900000, 0x0000000083900000, 0x0000000083a00000|  0%| F|  |TAMS 0x0000000083900000, 0x0000000083900000| Untracked 
|  34|0x0000000083a00000, 0x0000000083a00000, 0x0000000083b00000|  0%| F|  |TAMS 0x0000000083a00000, 0x0000000083a00000| Untracked 
|  35|0x0000000083b00000, 0x0000000083b00000, 0x0000000083c00000|  0%| F|  |TAMS 0x0000000083b00000, 0x0000000083b00000| Untracked 
|  36|0x0000000083c00000, 0x0000000083c00000, 0x0000000083d00000|  0%| F|  |TAMS 0x0000000083c00000, 0x0000000083c00000| Untracked 
|  37|0x0000000083d00000, 0x0000000083d00000, 0x0000000083e00000|  0%| F|  |TAMS 0x0000000083d00000, 0x0000000083d00000| Untracked 
|  38|0x0000000083e00000, 0x0000000083e00000, 0x0000000083f00000|  0%| F|  |TAMS 0x0000000083e00000, 0x0000000083e00000| Untracked 
|  39|0x0000000083f00000, 0x0000000083f00000, 0x0000000084000000|  0%| F|  |TAMS 0x0000000083f00000, 0x0000000083f00000| Untracked 
|  40|0x0000000084000000, 0x0000000084000000, 0x0000000084100000|  0%| F|  |TAMS 0x0000000084000000, 0x0000000084000000| Untracked 
|  41|0x0000000084100000, 0x0000000084100000, 0x0000000084200000|  0%| F|  |TAMS 0x0000000084100000, 0x0000000084100000| Untracked 
|  67|0x0000000085b00000, 0x0000000085b00000, 0x0000000085c00000|  0%| F|  |TAMS 0x0000000085b00000, 0x0000000085b00000| Untracked 
|  68|0x0000000085c00000, 0x0000000085c00000, 0x0000000085d00000|  0%| F|  |TAMS 0x0000000085c00000, 0x0000000085c00000| Untracked 
|  69|0x0000000085d00000, 0x0000000085d00000, 0x0000000085e00000|  0%| F|  |TAMS 0x0000000085d00000, 0x0000000085d00000| Untracked 
|  70|0x0000000085e00000, 0x0000000085e00000, 0x0000000085f00000|  0%| F|  |TAMS 0x0000000085e00000, 0x0000000085e00000| Untracked 
|  71|0x0000000085f00000, 0x0000000085f00000, 0x0000000086000000|  0%| F|  |TAMS 0x0000000085f00000, 0x0000000085f00000| Untracked 
|  72|0x0000000086000000, 0x0000000086000000, 0x0000000086100000|  0%| F|  |TAMS 0x0000000086000000, 0x0000000086000000| Untracked 
|  73|0x0000000086100000, 0x0000000086167dd8, 0x0000000086200000| 40%| E|  |TAMS 0x0000000086100000, 0x0000000086100000| Complete 
| 127|0x0000000089700000, 0x0000000089800000, 0x0000000089800000|100%| E|CS|TAMS 0x0000000089700000, 0x0000000089700000| Complete 

Card table byte_map: [0x00000201775b0000,0x00000201779b0000] _byte_map_base: 0x00000201771a4000

Marking Bits (Prev, Next): (CMBitMap*) 0x000002016f8dca00, (CMBitMap*) 0x000002016f8dca40
 Prev Bits: [0x0000020177db0000, 0x0000020179d50000)
 Next Bits: [0x0000020179d50000, 0x000002017bcf0000)

Polling page: 0x000002016d6a0000

Metaspace:

Usage:
  Non-class:     42.10 MB used.
      Class:      6.41 MB used.
       Both:     48.51 MB used.

Virtual space:
  Non-class space:       64.00 MB reserved,      42.31 MB ( 66%) committed,  1 nodes.
      Class space:        1.00 GB reserved,       6.62 MB ( <1%) committed,  1 nodes.
             Both:        1.06 GB reserved,      48.94 MB (  4%) committed. 

Chunk freelists:
   Non-Class:  896.00 KB
       Class:  1.39 MB
        Both:  2.27 MB

MaxMetaspaceSize: unlimited
CompressedClassSpaceSize: 1.00 GB
Initial GC threshold: 21.00 MB
Current GC threshold: 59.38 MB
CDS: on
MetaspaceReclaimPolicy: balanced
 - commit_granule_bytes: 65536.
 - commit_granule_words: 8192.
 - virtual_space_node_default_size: 8388608.
 - enlarge_chunks_in_place: 1.
 - new_chunks_are_fully_committed: 0.
 - uncommit_free_chunks: 1.
 - use_allocation_guard: 0.


Internal statistics:

num_allocs_failed_limit: 9.
num_arena_births: 496.
num_arena_deaths: 0.
num_vsnodes_births: 2.
num_vsnodes_deaths: 0.
num_space_committed: 783.
num_space_uncommitted: 0.
num_chunks_returned_to_freelist: 9.
num_chunks_taken_from_freelist: 2239.
num_chunk_merges: 9.
num_chunk_splits: 1622.
num_chunks_enlarged: 1354.
num_inconsistent_stats: 0.

CodeHeap 'non-profiled nmethods': size=120000Kb used=2507Kb max_used=2753Kb free=117493Kb
 bounds [0x0000020107ad0000, 0x0000020107d90000, 0x000002010f000000]
CodeHeap 'profiled nmethods': size=120000Kb used=8929Kb max_used=10053Kb free=111070Kb
 bounds [0x00000201005a0000, 0x0000020100f80000, 0x0000020107ad0000]
CodeHeap 'non-nmethods': size=5760Kb used=1285Kb max_used=1366Kb free=4474Kb
 bounds [0x0000020100000000, 0x0000020100270000, 0x00000201005a0000]
 total_blobs=4946 nmethods=4355 adapters=502
 compilation: enabled
              stopped_count=0, restarted_count=0
 full_count=0

Compilation events (20 events):
Event: 11.636 Thread 0x000002017e17d590 5089       3       org.springframework.boot.autoconfigure.condition.ConditionEvaluationReport::lambda$addNoMatchOutcomeToAncestors$1 (54 bytes)
Event: 11.637 Thread 0x000002017e17d590 nmethod 5089 0x0000020100d42690 code [0x0000020100d42960, 0x0000020100d43638]
Event: 11.654 Thread 0x000002017e17d590 5093       1       org.springframework.boot.autoconfigure.condition.ConditionEvaluationReport$ConditionAndOutcome::getOutcome (5 bytes)
Event: 11.654 Thread 0x000002017e17d590 nmethod 5093 0x0000020107c35610 code [0x0000020107c357a0, 0x0000020107c35878]
Event: 11.655 Thread 0x000002017e17d590 5094       3       java.util.TreeMap::forEach (58 bytes)
Event: 11.656 Thread 0x000002017e17d590 nmethod 5094 0x00000201006b2410 code [0x00000201006b2620, 0x00000201006b2cb8]
Event: 11.658 Thread 0x000002017e17d590 5095       3       org.springframework.boot.autoconfigure.condition.ConditionEvaluationReport$$Lambda$1023/0x00000008012968a8::accept (16 bytes)
Event: 11.658 Thread 0x000002017e17d590 nmethod 5095 0x0000020100d41e10 code [0x0000020100d41fe0, 0x0000020100d42418]
Event: 11.658 Thread 0x000002017e17d590 5097       3       org.springframework.boot.autoconfigure.condition.ConditionEvaluationReport$ConditionAndOutcomes::isFullMatch (41 bytes)
Event: 11.659 Thread 0x000002017e17d590 nmethod 5097 0x000002010064ed90 code [0x000002010064efe0, 0x000002010064fa68]
Event: 11.659 Thread 0x000002017e17d590 5096       3       org.springframework.boot.autoconfigure.condition.ConditionEvaluationReport::lambda$getConditionAndOutcomesBySource$0 (13 bytes)
Event: 11.659 Thread 0x000002017e17d590 nmethod 5096 0x00000201005c3410 code [0x00000201005c35c0, 0x00000201005c3778]
Event: 11.660 Thread 0x000002017e17d590 5098   !   3       org.springframework.util.ConcurrentReferenceHashMap$Segment::clear (69 bytes)
Event: 11.661 Thread 0x000002017e17d590 nmethod 5098 0x0000020100668110 code [0x0000020100668360, 0x0000020100668eb8]
Event: 11.668 Thread 0x000002017e17d590 5099       3       jdk.internal.math.FDBigInteger::mult (64 bytes)
Event: 11.668 Thread 0x000002017e17d590 nmethod 5099 0x0000020100667b10 code [0x0000020100667cc0, 0x0000020100667f38]
Event: 11.669 Thread 0x000002017e17d590 5100       3       jdk.internal.math.FDBigInteger::<init> (30 bytes)
Event: 11.669 Thread 0x000002017e17d590 nmethod 5100 0x0000020100667410 code [0x00000201006675c0, 0x00000201006677c8]
Event: 11.669 Thread 0x000002017e17d590 5101       3       jdk.internal.math.FDBigInteger::trimLeadingZeros (57 bytes)
Event: 11.669 Thread 0x000002017e17d590 nmethod 5101 0x000002010064e810 code [0x000002010064e9c0, 0x000002010064ec98]

GC Heap History (20 events):
Event: 1.218 GC heap before
{Heap before GC invocations=1 (full 0):
 garbage-first heap   total 131072K, used 15617K [0x0000000081800000, 0x0000000100000000)
  region size 1024K, 11 young (11264K), 2 survivors (2048K)
 Metaspace       used 6182K, committed 6336K, reserved 1114112K
  class space    used 690K, committed 768K, reserved 1048576K
}
Event: 1.223 GC heap after
{Heap after GC invocations=2 (full 0):
 garbage-first heap   total 131072K, used 7919K [0x0000000081800000, 0x0000000100000000)
  region size 1024K, 2 young (2048K), 2 survivors (2048K)
 Metaspace       used 6182K, committed 6336K, reserved 1114112K
  class space    used 690K, committed 768K, reserved 1048576K
}
Event: 2.010 GC heap before
{Heap before GC invocations=2 (full 0):
 garbage-first heap   total 131072K, used 29423K [0x0000000081800000, 0x0000000100000000)
  region size 1024K, 24 young (24576K), 2 survivors (2048K)
 Metaspace       used 12455K, committed 12736K, reserved 1114112K
  class space    used 1461K, committed 1600K, reserved 1048576K
}
Event: 2.016 GC heap after
{Heap after GC invocations=3 (full 0):
 garbage-first heap   total 131072K, used 9155K [0x0000000081800000, 0x0000000100000000)
  region size 1024K, 3 young (3072K), 3 survivors (3072K)
 Metaspace       used 12455K, committed 12736K, reserved 1114112K
  class space    used 1461K, committed 1600K, reserved 1048576K
}
Event: 4.100 GC heap before
{Heap before GC invocations=3 (full 0):
 garbage-first heap   total 131072K, used 59331K [0x0000000081800000, 0x0000000100000000)
  region size 1024K, 54 young (55296K), 3 survivors (3072K)
 Metaspace       used 21251K, committed 21504K, reserved 1114112K
  class space    used 2566K, committed 2688K, reserved 1048576K
}
Event: 4.112 GC heap after
{Heap after GC invocations=4 (full 0):
 garbage-first heap   total 131072K, used 12952K [0x0000000081800000, 0x0000000100000000)
  region size 1024K, 7 young (7168K), 7 survivors (7168K)
 Metaspace       used 21251K, committed 21504K, reserved 1114112K
  class space    used 2566K, committed 2688K, reserved 1048576K
}
Event: 5.283 GC heap before
{Heap before GC invocations=5 (full 0):
 garbage-first heap   total 51200K, used 36504K [0x0000000081800000, 0x0000000100000000)
  region size 1024K, 30 young (30720K), 7 survivors (7168K)
 Metaspace       used 26195K, committed 26496K, reserved 1114112K
  class space    used 3206K, committed 3328K, reserved 1048576K
}
Event: 5.299 GC heap after
{Heap after GC invocations=6 (full 0):
 garbage-first heap   total 51200K, used 15614K [0x0000000081800000, 0x0000000100000000)
  region size 1024K, 3 young (3072K), 3 survivors (3072K)
 Metaspace       used 26195K, committed 26496K, reserved 1114112K
  class space    used 3206K, committed 3328K, reserved 1048576K
}
Event: 6.240 GC heap before
{Heap before GC invocations=6 (full 0):
 garbage-first heap   total 51200K, used 35070K [0x0000000081800000, 0x0000000100000000)
  region size 1024K, 22 young (22528K), 3 survivors (3072K)
 Metaspace       used 30723K, committed 31104K, reserved 1114112K
  class space    used 3882K, committed 4032K, reserved 1048576K
}
Event: 6.246 GC heap after
{Heap after GC invocations=7 (full 0):
 garbage-first heap   total 51200K, used 16707K [0x0000000081800000, 0x0000000100000000)
  region size 1024K, 2 young (2048K), 2 survivors (2048K)
 Metaspace       used 30723K, committed 31104K, reserved 1114112K
  class space    used 3882K, committed 4032K, reserved 1048576K
}
Event: 7.075 GC heap before
{Heap before GC invocations=7 (full 0):
 garbage-first heap   total 51200K, used 31043K [0x0000000081800000, 0x0000000100000000)
  region size 1024K, 17 young (17408K), 2 survivors (2048K)
 Metaspace       used 35770K, committed 36096K, reserved 1114112K
  class space    used 4604K, committed 4800K, reserved 1048576K
}
Event: 7.079 GC heap after
{Heap after GC invocations=8 (full 0):
 garbage-first heap   total 51200K, used 17731K [0x0000000081800000, 0x0000000100000000)
  region size 1024K, 3 young (3072K), 3 survivors (3072K)
 Metaspace       used 35770K, committed 36096K, reserved 1114112K
  class space    used 4604K, committed 4800K, reserved 1048576K
}
Event: 8.279 GC heap before
{Heap before GC invocations=9 (full 0):
 garbage-first heap   total 51200K, used 36163K [0x0000000081800000, 0x0000000100000000)
  region size 1024K, 22 young (22528K), 3 survivors (3072K)
 Metaspace       used 41140K, committed 41536K, reserved 1114112K
  class space    used 5405K, committed 5568K, reserved 1048576K
}
Event: 8.287 GC heap after
{Heap after GC invocations=10 (full 0):
 garbage-first heap   total 51200K, used 19001K [0x0000000081800000, 0x0000000100000000)
  region size 1024K, 3 young (3072K), 3 survivors (3072K)
 Metaspace       used 41140K, committed 41536K, reserved 1114112K
  class space    used 5405K, committed 5568K, reserved 1048576K
}
Event: 10.044 GC heap before
{Heap before GC invocations=10 (full 0):
 garbage-first heap   total 51200K, used 38457K [0x0000000081800000, 0x0000000100000000)
  region size 1024K, 22 young (22528K), 3 survivors (3072K)
 Metaspace       used 44561K, committed 44928K, reserved 1114112K
  class space    used 5866K, committed 6016K, reserved 1048576K
}
Event: 10.052 GC heap after
{Heap after GC invocations=11 (full 0):
 garbage-first heap   total 51200K, used 20350K [0x0000000081800000, 0x0000000100000000)
  region size 1024K, 3 young (3072K), 3 survivors (3072K)
 Metaspace       used 44561K, committed 44928K, reserved 1114112K
  class space    used 5866K, committed 6016K, reserved 1048576K
}
Event: 10.994 GC heap before
{Heap before GC invocations=11 (full 0):
 garbage-first heap   total 51200K, used 38782K [0x0000000081800000, 0x0000000100000000)
  region size 1024K, 21 young (21504K), 3 survivors (3072K)
 Metaspace       used 47251K, committed 47616K, reserved 1114112K
  class space    used 6242K, committed 6400K, reserved 1048576K
}
Event: 11.001 GC heap after
{Heap after GC invocations=12 (full 0):
 garbage-first heap   total 51200K, used 21965K [0x0000000081800000, 0x0000000100000000)
  region size 1024K, 3 young (3072K), 3 survivors (3072K)
 Metaspace       used 47251K, committed 47616K, reserved 1114112K
  class space    used 6242K, committed 6400K, reserved 1048576K
}
Event: 11.596 GC heap before
{Heap before GC invocations=12 (full 0):
 garbage-first heap   total 51200K, used 39373K [0x0000000081800000, 0x0000000100000000)
  region size 1024K, 20 young (20480K), 3 survivors (3072K)
 Metaspace       used 49403K, committed 49792K, reserved 1114112K
  class space    used 6532K, committed 6720K, reserved 1048576K
}
Event: 11.603 GC heap after
{Heap after GC invocations=13 (full 0):
 garbage-first heap   total 51200K, used 23912K [0x0000000081800000, 0x0000000100000000)
  region size 1024K, 2 young (2048K), 2 survivors (2048K)
 Metaspace       used 49403K, committed 49792K, reserved 1114112K
  class space    used 6532K, committed 6720K, reserved 1048576K
}

Deoptimization events (20 events):
Event: 11.495 Thread 0x000002016f87cd30 Uncommon trap: trap_request=0xfffffff4 fr.pc=0x0000020107bd95c0 relative=0x0000000000000280
Event: 11.495 Thread 0x000002016f87cd30 Uncommon trap: reason=null_check action=make_not_entrant pc=0x0000020107bd95c0 method=org.springframework.util.ClassUtils.isAssignable(Ljava/lang/Class;Ljava/lang/Class;)Z @ 14 c2
Event: 11.495 Thread 0x000002016f87cd30 DEOPT PACKING pc=0x0000020107bd95c0 sp=0x000000fa1a5fe520
Event: 11.495 Thread 0x000002016f87cd30 DEOPT UNPACKING pc=0x00000201000523a3 sp=0x000000fa1a5fe4b0 mode 2
Event: 11.496 Thread 0x000002016f87cd30 Uncommon trap: trap_request=0xfffffff4 fr.pc=0x0000020107ce77a8 relative=0x0000000000000208
Event: 11.496 Thread 0x000002016f87cd30 Uncommon trap: reason=null_check action=make_not_entrant pc=0x0000020107ce77a8 method=sun.invoke.util.VerifyType.isNullConversion(Ljava/lang/Class;Ljava/lang/Class;Z)Z @ 67 c2
Event: 11.496 Thread 0x000002016f87cd30 DEOPT PACKING pc=0x0000020107ce77a8 sp=0x000000fa1a5fde40
Event: 11.496 Thread 0x000002016f87cd30 DEOPT UNPACKING pc=0x00000201000523a3 sp=0x000000fa1a5fddc0 mode 2
Event: 11.563 Thread 0x000002016f87cd30 Uncommon trap: trap_request=0xffffff45 fr.pc=0x0000020107b02b30 relative=0x00000000000015b0
Event: 11.563 Thread 0x000002016f87cd30 Uncommon trap: reason=unstable_if action=reinterpret pc=0x0000020107b02b30 method=org.springframework.core.annotation.AnnotationsScanner.processClassInheritedAnnotations(Ljava/lang/Object;Ljava/lang/Class;Lorg/springframework/core/annotation/MergedAnnotat
Event: 11.563 Thread 0x000002016f87cd30 DEOPT PACKING pc=0x0000020107b02b30 sp=0x000000fa1a5feb20
Event: 11.563 Thread 0x000002016f87cd30 DEOPT UNPACKING pc=0x00000201000523a3 sp=0x000000fa1a5fea08 mode 2
Event: 11.563 Thread 0x000002016f87cd30 Uncommon trap: trap_request=0xffffff45 fr.pc=0x0000020107c82214 relative=0x0000000000000774
Event: 11.563 Thread 0x000002016f87cd30 Uncommon trap: reason=unstable_if action=reinterpret pc=0x0000020107c82214 method=org.springframework.core.annotation.AnnotationsScanner.isWithoutHierarchy(Ljava/lang/reflect/AnnotatedElement;Lorg/springframework/core/annotation/MergedAnnotations$SearchSt
Event: 11.563 Thread 0x000002016f87cd30 DEOPT PACKING pc=0x0000020107c82214 sp=0x000000fa1a5fe730
Event: 11.563 Thread 0x000002016f87cd30 DEOPT UNPACKING pc=0x00000201000523a3 sp=0x000000fa1a5fe700 mode 2
Event: 11.658 Thread 0x000002016f87cd30 Uncommon trap: trap_request=0xffffff45 fr.pc=0x0000020107b520e0 relative=0x0000000000000060
Event: 11.658 Thread 0x000002016f87cd30 Uncommon trap: reason=unstable_if action=reinterpret pc=0x0000020107b520e0 method=org.springframework.util.ConcurrentReferenceHashMap$Segment.clear()V @ 7 c2
Event: 11.658 Thread 0x000002016f87cd30 DEOPT PACKING pc=0x0000020107b520e0 sp=0x000000fa1a5feb90
Event: 11.659 Thread 0x000002016f87cd30 DEOPT UNPACKING pc=0x00000201000523a3 sp=0x000000fa1a5feb20 mode 2

Classes loaded (20 events):
Event: 11.625 Loading class java/nio/BufferMismatch
Event: 11.625 Loading class java/nio/BufferMismatch done
Event: 11.625 Loading class sun/nio/ch/SourceChannelImpl
Event: 11.625 Loading class java/nio/channels/Pipe$SourceChannel
Event: 11.625 Loading class java/nio/channels/Pipe$SourceChannel done
Event: 11.625 Loading class sun/nio/ch/SourceChannelImpl done
Event: 11.625 Loading class sun/nio/ch/SinkChannelImpl
Event: 11.626 Loading class java/nio/channels/Pipe$SinkChannel
Event: 11.626 Loading class java/nio/channels/Pipe$SinkChannel done
Event: 11.626 Loading class sun/nio/ch/SinkChannelImpl done
Event: 11.626 Loading class sun/nio/ch/SocketChannelImpl$DefaultOptionsHolder
Event: 11.626 Loading class sun/nio/ch/SocketChannelImpl$DefaultOptionsHolder done
Event: 11.627 Loading class java/nio/channels/spi/AbstractSelector$1
Event: 11.628 Loading class java/nio/channels/spi/AbstractSelector$1 done
Event: 11.630 Loading class java/util/TreeMap$ValueSpliterator
Event: 11.630 Loading class java/util/TreeMap$TreeMapSpliterator
Event: 11.630 Loading class java/util/TreeMap$TreeMapSpliterator done
Event: 11.630 Loading class java/util/TreeMap$ValueSpliterator done
Event: 11.666 Loading class jdk/internal/math/FDBigInteger
Event: 11.667 Loading class jdk/internal/math/FDBigInteger done

Classes unloaded (0 events):
No events

Classes redefined (0 events):
No events

Internal exceptions (20 events):
Event: 10.790 Thread 0x000002016f87cd30 Exception <a 'java/lang/ClassNotFoundException'{0x0000000083b617a8}: org/springframework/web/servlet/config/annotation/WebMvcConfigurationSupportCustomizer> (0x0000000083b617a8) 
thrown [s\open\src\hotspot\share\classfile\systemDictionary.cpp, line 255]
Event: 10.794 Thread 0x000002016f87cd30 Exception <a 'java/lang/ClassNotFoundException'{0x0000000083b73dc8}: org/springframework/web/servlet/config/annotation/DelegatingWebMvcConfigurationCustomizer> (0x0000000083b73dc8) 
thrown [s\open\src\hotspot\share\classfile\systemDictionary.cpp, line 255]
Event: 10.795 Thread 0x000002016f87cd30 Exception <a 'java/lang/ClassNotFoundException'{0x0000000083b7b4c8}: org/springframework/boot/autoconfigure/web/servlet/WebMvcAutoConfiguration$EnableWebMvcConfigurationCustomizer> (0x0000000083b7b4c8) 
thrown [s\open\src\hotspot\share\classfile\systemDictionary.cpp, line 255]
Event: 10.800 Thread 0x000002016f87cd30 Exception <a 'java/lang/ClassNotFoundException'{0x0000000083b8bd08}: org/springframework/context/ResourceLoaderAwareCustomizer> (0x0000000083b8bd08) 
thrown [s\open\src\hotspot\share\classfile\systemDictionary.cpp, line 255]
Event: 10.802 Thread 0x000002016f87cd30 Exception <a 'java/lang/ClassNotFoundException'{0x0000000083b8f418}: org/springframework/beans/factory/AwareCustomizer> (0x0000000083b8f418) 
thrown [s\open\src\hotspot\share\classfile\systemDictionary.cpp, line 255]
Event: 10.802 Thread 0x000002016f87cd30 Exception <a 'java/lang/ClassNotFoundException'{0x0000000083b91e98}: org/springframework/context/ApplicationContextAwareCustomizer> (0x0000000083b91e98) 
thrown [s\open\src\hotspot\share\classfile\systemDictionary.cpp, line 255]
Event: 10.804 Thread 0x000002016f87cd30 Exception <a 'java/lang/ClassNotFoundException'{0x0000000083b96088}: org/springframework/beans/factory/AwareCustomizer> (0x0000000083b96088) 
thrown [s\open\src\hotspot\share\classfile\systemDictionary.cpp, line 255]
Event: 10.805 Thread 0x000002016f87cd30 Exception <a 'java/lang/ClassNotFoundException'{0x0000000083b98ae0}: org/springframework/web/context/ServletContextAwareCustomizer> (0x0000000083b98ae0) 
thrown [s\open\src\hotspot\share\classfile\systemDictionary.cpp, line 255]
Event: 10.812 Thread 0x000002016f87cd30 Exception <a 'java/lang/ClassNotFoundException'{0x0000000083b9c628}: org/springframework/beans/factory/AwareCustomizer> (0x0000000083b9c628) 
thrown [s\open\src\hotspot\share\classfile\systemDictionary.cpp, line 255]
Event: 10.821 Thread 0x000002016f87cd30 Exception <a 'java/lang/NoSuchMethodError'{0x0000000083bafd58}: 'java.lang.Object java.lang.invoke.DirectMethodHandle$Holder.newInvokeSpecial(java.lang.Object, java.lang.Object, java.lang.Object, java.lang.Object, java.lang.Object, java.lang.Object, java.lang.Object, java.lang.Object)'> (0x0000000083bafd58) 
thrown [s\open\src\hotspot\share\interpreter\linkResolver.cpp, line 766]
Event: 10.822 Thread 0x000002016f87cd30 Exception <a 'java/lang/NoSuchMethodError'{0x0000000083bb5918}: 'java.lang.Object java.lang.invoke.DirectMethodHandle$Holder.invokeSpecial(java.lang.Object, java.lang.Object, java.lang.Object, java.lang.Object, java.lang.Object, java.lang.Object, java.lang.Object, java.lang.Object, java.lang.Object)'> (0x0000000083bb5918) 
thrown [s\open\src\hotspot\share\interpreter\linkResolver.cpp, line 766]
Event: 11.120 Thread 0x000002016f87cd30 Exception <a 'java/lang/NoSuchMethodError'{0x0000000085f423e8}: 'void java.lang.invoke.DirectMethodHandle$Holder.invokeVirtual(java.lang.Object, java.lang.Object, long)'> (0x0000000085f423e8) 
thrown [s\open\src\hotspot\share\interpreter\linkResolver.cpp, line 766]
Event: 11.345 Thread 0x000002016f87cd30 Exception <a 'java/lang/IncompatibleClassChangeError'{0x0000000084163d00}: Found class java.lang.Object, but interface was expected> (0x0000000084163d00) 
thrown [s\open\src\hotspot\share\interpreter\linkResolver.cpp, line 833]
Event: 11.401 Thread 0x000002016f87cd30 Exception <a 'java/lang/NoSuchMethodError'{0x00000000840d2cb8}: 'int java.lang.invoke.DirectMethodHandle$Holder.invokeStaticInit(java.lang.Object, java.lang.Object, java.lang.Object, java.lang.Object)'> (0x00000000840d2cb8) 
thrown [s\open\src\hotspot\share\interpreter\linkResolver.cpp, line 766]
Event: 11.495 Thread 0x000002016f87cd30 Implicit null exception at 0x0000020107bd9360 to 0x0000020107bd95ac
Event: 11.496 Thread 0x000002016f87cd30 Implicit null exception at 0x0000020107ce7660 to 0x0000020107ce7794
Event: 11.573 Thread 0x000002016f87cd30 Exception <a 'java/lang/NoSuchMethodError'{0x0000000083ae8158}: 'java.lang.Object java.lang.invoke.DirectMethodHandle$Holder.invokeSpecial(java.lang.Object, java.lang.Object, int, java.lang.Object, int, java.lang.Object)'> (0x0000000083ae8158) 
thrown [s\open\src\hotspot\share\interpreter\linkResolver.cpp, line 766]
Event: 11.574 Thread 0x000002016f87cd30 Exception <a 'java/lang/NoSuchMethodError'{0x0000000083aeff50}: 'java.lang.Object java.lang.invoke.DirectMethodHandle$Holder.newInvokeSpecial(java.lang.Object, java.lang.Object, int, java.lang.Object, int)'> (0x0000000083aeff50) 
thrown [s\open\src\hotspot\share\interpreter\linkResolver.cpp, line 766]
Event: 11.575 Thread 0x000002016f87cd30 Exception <a 'java/lang/NoSuchMethodError'{0x0000000083af4058}: 'java.lang.Object java.lang.invoke.DirectMethodHandle$Holder.invokeSpecial(java.lang.Object, java.lang.Object, java.lang.Object, int, java.lang.Object, int)'> (0x0000000083af4058) 
thrown [s\open\src\hotspot\share\interpreter\linkResolver.cpp, line 766]
Event: 11.576 Thread 0x000002016f87cd30 Exception <a 'java/lang/NoSuchMethodError'{0x0000000083afd988}: 'void java.lang.invoke.DirectMethodHandle$Holder.invokeVirtual(java.lang.Object, java.lang.Object)'> (0x0000000083afd988) 
thrown [s\open\src\hotspot\share\interpreter\linkResolver.cpp, line 766]

VM Operations (20 events):
Event: 10.424 Executing VM operation: HandshakeAllThreads
Event: 10.425 Executing VM operation: HandshakeAllThreads done
Event: 10.608 Executing VM operation: HandshakeAllThreads
Event: 10.608 Executing VM operation: HandshakeAllThreads done
Event: 10.609 Executing VM operation: HandshakeAllThreads
Event: 10.609 Executing VM operation: HandshakeAllThreads done
Event: 10.855 Executing VM operation: ICBufferFull
Event: 10.855 Executing VM operation: ICBufferFull done
Event: 10.965 Executing VM operation: HandshakeAllThreads
Event: 10.966 Executing VM operation: HandshakeAllThreads done
Event: 10.994 Executing VM operation: G1CollectForAllocation
Event: 11.001 Executing VM operation: G1CollectForAllocation done
Event: 11.150 Executing VM operation: HandshakeAllThreads
Event: 11.150 Executing VM operation: HandshakeAllThreads done
Event: 11.300 Executing VM operation: HandshakeAllThreads
Event: 11.300 Executing VM operation: HandshakeAllThreads done
Event: 11.362 Executing VM operation: HandshakeAllThreads
Event: 11.362 Executing VM operation: HandshakeAllThreads done
Event: 11.595 Executing VM operation: G1CollectForAllocation
Event: 11.604 Executing VM operation: G1CollectForAllocation done

Events (20 events):
Event: 10.432 Thread 0x000002017e1abb20 flushing nmethod 0x0000020100e79d10
Event: 10.433 Thread 0x000002017e1abb20 flushing nmethod 0x0000020100e89c90
Event: 10.433 Thread 0x000002017e1abb20 flushing nmethod 0x0000020100e8b210
Event: 10.433 Thread 0x000002017e1abb20 flushing nmethod 0x0000020100e93310
Event: 10.433 Thread 0x000002017e1abb20 flushing nmethod 0x0000020100e9d510
Event: 10.433 Thread 0x000002017e1abb20 flushing nmethod 0x0000020100f0dd10
Event: 11.592 Thread 0x000002017ef0b310 Thread added: 0x000002017ef0b310
Event: 11.592 Thread 0x000002017ef0e330 Thread added: 0x000002017ef0e330
Event: 11.592 Thread 0x000002017ef0ae40 Thread added: 0x000002017ef0ae40
Event: 11.592 Thread 0x0000020113731080 Thread added: 0x0000020113731080
Event: 11.592 Thread 0x0000020113731550 Thread added: 0x0000020113731550
Event: 11.593 Thread 0x00000201137353e0 Thread added: 0x00000201137353e0
Event: 11.593 Thread 0x000002011372ea00 Thread added: 0x000002011372ea00
Event: 11.593 Thread 0x0000020113731ef0 Thread added: 0x0000020113731ef0
Event: 11.593 Thread 0x0000020113733700 Thread added: 0x0000020113733700
Event: 11.593 Thread 0x0000020113733bd0 Thread added: 0x0000020113733bd0
Event: 11.627 Thread 0x00000201137323c0 Thread added: 0x00000201137323c0
Event: 11.629 Thread 0x00000201137340a0 Thread added: 0x00000201137340a0
Event: 11.677 Thread 0x000002016f87cd30 Thread exited: 0x000002016f87cd30
Event: 11.677 Thread 0x0000020113731a20 Thread added: 0x0000020113731a20


Dynamic libraries:
0x00007ff6bd8f0000 - 0x00007ff6bd900000 	C:\Program Files\Java\jdk-18.0.1.1\bin\java.exe
0x00007ff928310000 - 0x00007ff928508000 	C:\WINDOWS\SYSTEM32\ntdll.dll
0x00007ff927f00000 - 0x00007ff927fbd000 	C:\WINDOWS\System32\KERNEL32.DLL
0x00007ff925d10000 - 0x00007ff925fde000 	C:\WINDOWS\System32\KERNELBASE.dll
0x00007ff925c10000 - 0x00007ff925d10000 	C:\WINDOWS\System32\ucrtbase.dll
0x00007ff8f3f60000 - 0x00007ff8f3f78000 	C:\Program Files\Java\jdk-18.0.1.1\bin\jli.dll
0x00007ff927000000 - 0x00007ff9270ae000 	C:\WINDOWS\System32\ADVAPI32.dll
0x00007ff927fc0000 - 0x00007ff92805e000 	C:\WINDOWS\System32\msvcrt.dll
0x00007ff9263f0000 - 0x00007ff92648c000 	C:\WINDOWS\System32\sechost.dll
0x00007ff926cf0000 - 0x00007ff926e15000 	C:\WINDOWS\System32\RPCRT4.dll
0x00007ff926950000 - 0x00007ff926af0000 	C:\WINDOWS\System32\USER32.dll
0x00007ff925a30000 - 0x00007ff925a52000 	C:\WINDOWS\System32\win32u.dll
0x00007ff926e20000 - 0x00007ff926e4a000 	C:\WINDOWS\System32\GDI32.dll
0x00007ff925a60000 - 0x00007ff925b6b000 	C:\WINDOWS\System32\gdi32full.dll
0x00007ff925b70000 - 0x00007ff925c0d000 	C:\WINDOWS\System32\msvcp_win.dll
0x00007ff8f2c70000 - 0x00007ff8f2c8a000 	C:\Program Files\Java\jdk-18.0.1.1\bin\VCRUNTIME140.dll
0x00007ff912c60000 - 0x00007ff912efa000 	C:\WINDOWS\WinSxS\amd64_microsoft.windows.common-controls_6595b64144ccf1df_6.0.19041.1110_none_60b5254171f9507e\COMCTL32.dll
0x00007ff9254f0000 - 0x00007ff9254fa000 	C:\WINDOWS\SYSTEM32\VERSION.dll
0x00007ff927310000 - 0x00007ff927340000 	C:\WINDOWS\System32\IMM32.DLL
0x00007ff8f8ca0000 - 0x00007ff8f8cac000 	C:\Program Files\Java\jdk-18.0.1.1\bin\vcruntime140_1.dll
0x00007ff8d1700000 - 0x00007ff8d178d000 	C:\Program Files\Java\jdk-18.0.1.1\bin\msvcp140.dll
0x00007ff8c9f60000 - 0x00007ff8cab70000 	C:\Program Files\Java\jdk-18.0.1.1\bin\server\jvm.dll
0x00007ff926940000 - 0x00007ff926948000 	C:\WINDOWS\System32\PSAPI.DLL
0x00007ff923990000 - 0x00007ff923999000 	C:\WINDOWS\SYSTEM32\WSOCK32.dll
0x00007ff926c80000 - 0x00007ff926ceb000 	C:\WINDOWS\System32\WS2_32.dll
0x00007ff90a6f0000 - 0x00007ff90a717000 	C:\WINDOWS\SYSTEM32\WINMM.dll
0x00007ff924250000 - 0x00007ff924262000 	C:\WINDOWS\SYSTEM32\kernel.appcore.dll
0x00007ff8f8a20000 - 0x00007ff8f8a2a000 	C:\Program Files\Java\jdk-18.0.1.1\bin\jimage.dll
0x00007ff923780000 - 0x00007ff923964000 	C:\WINDOWS\SYSTEM32\DBGHELP.DLL
0x00007ff909c90000 - 0x00007ff909cbc000 	C:\WINDOWS\SYSTEM32\dbgcore.DLL
0x00007ff926290000 - 0x00007ff926312000 	C:\WINDOWS\System32\bcryptPrimitives.dll
0x00007ff8f92a0000 - 0x00007ff8f92ae000 	C:\Program Files\Java\jdk-18.0.1.1\bin\instrument.dll
0x00007ff8d8790000 - 0x00007ff8d87b5000 	C:\Program Files\Java\jdk-18.0.1.1\bin\java.dll
0x00007ff8c9e80000 - 0x00007ff8c9f56000 	C:\Program Files\Java\jdk-18.0.1.1\bin\jsvml.dll
0x00007ff927340000 - 0x00007ff927a84000 	C:\WINDOWS\System32\SHELL32.dll
0x00007ff923aa0000 - 0x00007ff924234000 	C:\WINDOWS\SYSTEM32\windows.storage.dll
0x00007ff9265e0000 - 0x00007ff926934000 	C:\WINDOWS\System32\combase.dll
0x00007ff925350000 - 0x00007ff925380000 	C:\WINDOWS\SYSTEM32\Wldp.dll
0x00007ff926bd0000 - 0x00007ff926c7d000 	C:\WINDOWS\System32\SHCORE.dll
0x00007ff926580000 - 0x00007ff9265d5000 	C:\WINDOWS\System32\shlwapi.dll
0x00007ff925970000 - 0x00007ff92598f000 	C:\WINDOWS\SYSTEM32\profapi.dll
0x00007ff8f1740000 - 0x00007ff8f1758000 	C:\Program Files\Java\jdk-18.0.1.1\bin\zip.dll
0x00007ff8f29c0000 - 0x00007ff8f29d3000 	C:\Program Files\Java\jdk-18.0.1.1\bin\net.dll
0x00007ff91bc20000 - 0x00007ff91bd2a000 	C:\WINDOWS\SYSTEM32\WINHTTP.dll
0x00007ff9250b0000 - 0x00007ff92511a000 	C:\WINDOWS\system32\mswsock.dll
0x00007ff8f22c0000 - 0x00007ff8f22d6000 	C:\Program Files\Java\jdk-18.0.1.1\bin\nio.dll
0x00007ff8f3840000 - 0x00007ff8f385a000 	C:\Program Files\JetBrains\IntelliJ IDEA Community Edition 2022.2\bin\breakgen64.dll
0x00007ff8f2e90000 - 0x00007ff8f2ea0000 	C:\Program Files\Java\jdk-18.0.1.1\bin\verify.dll
0x00007ff8f55e0000 - 0x00007ff8f55e9000 	C:\Program Files\Java\jdk-18.0.1.1\bin\management.dll
0x00007ff8f55b0000 - 0x00007ff8f55bb000 	C:\Program Files\Java\jdk-18.0.1.1\bin\management_ext.dll
0x00007ff91bf30000 - 0x00007ff91bf47000 	C:\WINDOWS\system32\napinsp.dll
0x00007ff9087f0000 - 0x00007ff90880b000 	C:\WINDOWS\system32\pnrpnsp.dll
0x00007ff91f2e0000 - 0x00007ff91f2f5000 	C:\WINDOWS\system32\wshbth.dll
0x00007ff921500000 - 0x00007ff92151d000 	C:\WINDOWS\system32\NLAapi.dll
0x00007ff924da0000 - 0x00007ff924ddb000 	C:\WINDOWS\SYSTEM32\IPHLPAPI.DLL
0x00007ff924de0000 - 0x00007ff924eaa000 	C:\WINDOWS\SYSTEM32\DNSAPI.dll
0x00007ff9282c0000 - 0x00007ff9282c8000 	C:\WINDOWS\System32\NSI.dll
0x00007ff9087d0000 - 0x00007ff9087e2000 	C:\WINDOWS\System32\winrnr.dll
0x000000006fb70000 - 0x000000006fb96000 	C:\Program Files\Bonjour\mdnsNSP.dll
0x00007ff91d9f0000 - 0x00007ff91d9fa000 	C:\Windows\System32\rasadhlp.dll
0x00007ff91a3a0000 - 0x00007ff91a420000 	C:\WINDOWS\System32\fwpuclnt.dll
0x00007ff926260000 - 0x00007ff926287000 	C:\WINDOWS\System32\bcrypt.dll
0x00007ff9252a0000 - 0x00007ff9252b8000 	C:\WINDOWS\SYSTEM32\CRYPTSP.dll
0x00007ff924a30000 - 0x00007ff924a64000 	C:\WINDOWS\system32\rsaenh.dll
0x00007ff9258f0000 - 0x00007ff92591e000 	C:\WINDOWS\SYSTEM32\USERENV.dll
0x00007ff9252c0000 - 0x00007ff9252cc000 	C:\WINDOWS\SYSTEM32\CRYPTBASE.dll
0x00007ff91d880000 - 0x00007ff91d897000 	C:\WINDOWS\SYSTEM32\dhcpcsvc6.DLL
0x00007ff91d940000 - 0x00007ff91d95d000 	C:\WINDOWS\SYSTEM32\dhcpcsvc.DLL
0x00007ff8f3830000 - 0x00007ff8f383e000 	C:\Program Files\Java\jdk-18.0.1.1\bin\sunmscapi.dll
0x00007ff926090000 - 0x00007ff9261e6000 	C:\WINDOWS\System32\CRYPT32.dll
0x00007ff9253c0000 - 0x00007ff9253e7000 	C:\WINDOWS\SYSTEM32\ncrypt.dll
0x00007ff925380000 - 0x00007ff9253bb000 	C:\WINDOWS\SYSTEM32\NTASN1.dll

dbghelp: loaded successfully - version: 4.0.5 - missing functions: none
symbol engine: initialized successfully - sym options: 0x614 - pdb path: .;C:\Program Files\Java\jdk-18.0.1.1\bin;C:\WINDOWS\SYSTEM32;C:\WINDOWS\WinSxS\amd64_microsoft.windows.common-controls_6595b64144ccf1df_6.0.19041.1110_none_60b5254171f9507e;C:\Program Files\Java\jdk-18.0.1.1\bin\server;C:\Program Files\JetBrains\IntelliJ IDEA Community Edition 2022.2\bin;C:\Program Files\Bonjour

VM Arguments:
jvm_args: -javaagent:C:\Program Files\JetBrains\IntelliJ IDEA Community Edition 2022.2\lib\idea_rt.jar=58486:C:\Program Files\JetBrains\IntelliJ IDEA Community Edition 2022.2\bin -Dfile.encoding=UTF-8 
java_command: com.mintic.DevCore.DevCoreApplication
java_class_path (initial): C:\Users\James Caicedo\Desktop\DevCore\target\classes;C:\Users\James Caicedo\.m2\repository\org\springframework\boot\spring-boot-starter-data-jpa\2.7.3\spring-boot-starter-data-jpa-2.7.3.jar;C:\Users\James Caicedo\.m2\repository\org\springframework\boot\spring-boot-starter-aop\2.7.3\spring-boot-starter-aop-2.7.3.jar;C:\Users\James Caicedo\.m2\repository\org\springframework\spring-aop\5.3.22\spring-aop-5.3.22.jar;C:\Users\James Caicedo\.m2\repository\org\aspectj\aspectjweaver\1.9.7\aspectjweaver-1.9.7.jar;C:\Users\James Caicedo\.m2\repository\org\springframework\boot\spring-boot-starter-jdbc\2.7.3\spring-boot-starter-jdbc-2.7.3.jar;C:\Users\James Caicedo\.m2\repository\com\zaxxer\HikariCP\4.0.3\HikariCP-4.0.3.jar;C:\Users\James Caicedo\.m2\repository\org\springframework\spring-jdbc\5.3.22\spring-jdbc-5.3.22.jar;C:\Users\James Caicedo\.m2\repository\jakarta\transaction\jakarta.transaction-api\1.3.3\jakarta.transaction-api-1.3.3.jar;C:\Users\James Caicedo\.m2\repository\jakarta\persistence\jakarta.persistence-api\2.2.3\jakarta.persistence-api-2.2.3.jar;C:\Users\James Caicedo\.m2\repository\org\hibernate\hibernate-core\5.6.10.Final\hibernate-core-5.6.10.Final.jar;C:\Users\James Caicedo\.m2\repository\org\jboss\logging\jboss-logging\3.4.3.Final\jboss-logging-3.4.3.Final.jar;C:\Users\James Caicedo\.m2\repository\net\bytebuddy\byte-buddy\1.12.13\byte-buddy-1.12.13.jar;C:\Users\James Caicedo\.m2\repository\antlr\antlr\2.7.7\antlr-2.7.7.jar;C:\Users\James Caicedo\.m2\repository\org\jboss\jandex\2.4.2.Final\jandex-2.4.2.Final.jar;C:\Users\James Caicedo\.m2\repository\com\fasterxml\classmate\1.5.1\classmate-1.5.1.jar;C:\Users\James Caicedo\.m2\repository\org\hibernate\common\hibernate-commons-annotations\5.1.2.Final\hibernate-commons-annotations-5.1.2.Final.jar;C:\Users\James Caicedo\.m2\repository\org\glassfish\jaxb\jaxb-runtime\2.3.6\jaxb-runtime-2.3.6.jar;C:\Users\James Caicedo\.m2\repository\org\glassfish\jaxb\txw2\2.3.6\txw2-2.3.6.jar;C:\Users\James Caicedo\.m2\repository\com\sun\istack\istack-commons-runtime\3.0.12\istack-commons-runtime-3.0.12.jar;C:\Users\James Caicedo\.m2\repository\com\sun\activation\jakarta.activation\1.2.2\jakarta.activation-1.2.2.jar;C:\Users\James Caicedo\.m2\repository\org\springframework\data\spring-data-jpa\2.7.2\spring-data-jpa-2.7.2.jar;C:\Users\James Caicedo\.m2\repository\org\springframework\data\spring-data-commons\2.7.2\spring-data-commons-2.7.2.jar;C:\Users\James Caicedo\.m2\repository\org\springframework\spring-orm\5.3.22\spring-orm-5.3.22.jar;C:\Users\James Caicedo\.m2\repository\org\springframework\spring-context\5.3.22\spring-context-5.3.22.jar;C:\Users\James Caicedo\.m2\repository\org\springframework\spring-tx\5.3.22\spring-tx-5.3.22.jar;C:\Users\James Caicedo\.m2\repository\org\springframework\spring-beans\5.3.22\spring-beans-5.3.22.jar;C:\Users\James Caicedo\.m2\repository\org\slf4j\slf4j-api\1.7.36\slf4j-api-1.7.36.jar;C:\Users\James Caicedo\.m2\repository\org\springframework\spring-aspects\5.3.22\spring-aspects-5.3.22.jar;C:\Users\James Caicedo\.m2\repository\org\springframework\boot\spring-boot-starter-thymeleaf\2.7.3\spring-boot-starter-thymeleaf-2.7.3.jar;C:\Users\James Caicedo\.m2\repository\org\springframework\boot\spring-boot-starter\2.7.3\spring-boot-starter-2.7.3.jar;C:\Users\James Caicedo\.m2\repository\org\springframework\boot\spring-boot\2.7.3\spring-boot-2.7.3.jar;C:\Users\James Caicedo\.m2\repository\org\springframework\boot\spring-boot-autoconfigure\2.7.3\spring-boot-autoconfigure-2.7.3.jar;C:\Users\James Caicedo\.m2\repository\org\springframework\boot\spring-boot-starter-logging\2.7.3\spring-boot-starter-logging-2.7.3.jar;C:\Users\James Caicedo\.m2\repository\ch\qos\logback\logback-classic\1.2.11\logback-classic-1.2.11.jar;C:\Users\James Caicedo\.m2\repository\ch\qos\logback\logback-core\1.2.11\logback-core-1.2.11.jar;C:\Users\James Caicedo\.m2\repository\org\apache\logging\log4j\log4j-to-slf4j\2.17.2\log4j-to-slf4j-2.17.2.jar;C:\Users\James Caicedo\.m2\repository\org\apache\logging\log4j\log4j-api\2.17.2\log4j-api-2.17.2.jar;C:\Users\James Caicedo\.m2\repository\org\slf4j\jul-to-slf4j\1.7.36\jul-to-slf4j-1.7.36.jar;C:\Users\James Caicedo\.m2\repository\jakarta\annotation\jakarta.annotation-api\1.3.5\jakarta.annotation-api-1.3.5.jar;C:\Users\James Caicedo\.m2\repository\org\yaml\snakeyaml\1.30\snakeyaml-1.30.jar;C:\Users\James Caicedo\.m2\repository\org\thymeleaf\thymeleaf-spring5\3.0.15.RELEASE\thymeleaf-spring5-3.0.15.RELEASE.jar;C:\Users\James Caicedo\.m2\repository\org\thymeleaf\thymeleaf\3.0.15.RELEASE\thymeleaf-3.0.15.RELEASE.jar;C:\Users\James Caicedo\.m2\repository\org\attoparser\attoparser\2.0.5.RELEASE\attoparser-2.0.5.RELEASE.jar;C:\Users\James Caicedo\.m2\repository\org\unbescape\unbescape\1.1.6.RELEASE\unbescape-1.1.6.RELEASE.jar;C:\Users\James Caicedo\.m2\repository\org\thymeleaf\extras\thymeleaf-extras-java8time\3.0.4.RELEASE\thymeleaf-extras-java8time-3.0.4.RELEASE.jar;C:\Users\James Caicedo\.m2\repository\org\springframework\boot\spring-boot-starter-web\2.7.3\spring-boot-starter-web-2.7.3.jar;C:\Users\James Caicedo\.m2\repository\org\springframework\boot\spring-boot-starter-json\2.7.3\spring-boot-starter-json-2.7.3.jar;C:\Users\James Caicedo\.m2\repository\com\fasterxml\jackson\core\jackson-databind\2.13.3\jackson-databind-2.13.3.jar;C:\Users\James Caicedo\.m2\repository\com\fasterxml\jackson\core\jackson-annotations\2.13.3\jackson-annotations-2.13.3.jar;C:\Users\James Caicedo\.m2\repository\com\fasterxml\jackson\core\jackson-core\2.13.3\jackson-core-2.13.3.jar;C:\Users\James Caicedo\.m2\repository\com\fasterxml\jackson\datatype\jackson-datatype-jdk8\2.13.3\jackson-datatype-jdk8-2.13.3.jar;C:\Users\James Caicedo\.m2\repository\com\fasterxml\jackson\datatype\jackson-datatype-jsr310\2.13.3\jackson-datatype-jsr310-2.13.3.jar;C:\Users\James Caicedo\.m2\repository\com\fasterxml\jackson\module\jackson-module-parameter-names\2.13.3\jackson-module-parameter-names-2.13.3.jar;C:\Users\James Caicedo\.m2\repository\org\springframework\boot\spring-boot-starter-tomcat\2.7.3\spring-boot-starter-tomcat-2.7.3.jar;C:\Users\James Caicedo\.m2\repository\org\apache\tomcat\embed\tomcat-embed-core\9.0.65\tomcat-embed-core-9.0.65.jar;C:\Users\James Caicedo\.m2\repository\org\apache\tomcat\embed\tomcat-embed-el\9.0.65\tomcat-embed-el-9.0.65.jar;C:\Users\James Caicedo\.m2\repository\org\apache\tomcat\embed\tomcat-embed-websocket\9.0.65\tomcat-embed-websocket-9.0.65.jar;C:\Users\James Caicedo\.m2\repository\org\springframework\spring-web\5.3.22\spring-web-5.3.22.jar;C:\Users\James Caicedo\.m2\repository\org\springframework\spring-webmvc\5.3.22\spring-webmvc-5.3.22.jar;C:\Users\James Caicedo\.m2\repository\org\springframework\spring-expression\5.3.22\spring-expression-5.3.22.jar;C:\Users\James Caicedo\.m2\repository\org\postgresql\postgresql\42.3.6\postgresql-42.3.6.jar;C:\Users\James Caicedo\.m2\repository\org\checkerframework\checker-qual\3.5.0\checker-qual-3.5.0.jar;C:\Users\James Caicedo\.m2\repository\org\projectlombok\lombok\1.18.24\lombok-1.18.24.jar;C:\Users\James Caicedo\.m2\repository\jakarta\xml\bind\jakarta.xml.bind-api\2.3.3\jakarta.xml.bind-api-2.3.3.jar;C:\Users\James Caicedo\.m2\repository\jakarta\activation\jakarta.activation-api\1.2.2\jakarta.activation-api-1.2.2.jar;C:\Users\James Caicedo\.m2\repository\org\springframework\spring-core\5.3.22\spring-core-5.3.22.jar;C:\Users\James Caicedo\.m2\repository\org\springframework\spring-jcl\5.3.22\spring-jcl-5.3.22.jar
Launcher Type: SUN_STANDARD

[Global flags]
     intx CICompilerCount                          = 3                                         {product} {ergonomic}
     uint ConcGCThreads                            = 1                                         {product} {ergonomic}
     uint G1ConcRefinementThreads                  = 4                                         {product} {ergonomic}
   size_t G1HeapRegionSize                         = 1048576                                   {product} {ergonomic}
    uintx GCDrainStackTargetSize                   = 64                                        {product} {ergonomic}
   size_t InitialHeapSize                          = 134217728                                 {product} {ergonomic}
   size_t MarkStackSize                            = 4194304                                   {product} {ergonomic}
   size_t MaxHeapSize                              = 2122317824                                {product} {ergonomic}
   size_t MaxNewSize                               = 1272971264                                {product} {ergonomic}
   size_t MinHeapDeltaBytes                        = 1048576                                   {product} {ergonomic}
   size_t MinHeapSize                              = 8388608                                   {product} {ergonomic}
    uintx NonNMethodCodeHeapSize                   = 5832780                                {pd product} {ergonomic}
    uintx NonProfiledCodeHeapSize                  = 122912730                              {pd product} {ergonomic}
    uintx ProfiledCodeHeapSize                     = 122912730                              {pd product} {ergonomic}
    uintx ReservedCodeCacheSize                    = 251658240                              {pd product} {ergonomic}
     bool SegmentedCodeCache                       = true                                      {product} {ergonomic}
   size_t SoftMaxHeapSize                          = 2122317824                             {manageable} {ergonomic}
     bool UseCompressedClassPointers               = true                           {product lp64_product} {ergonomic}
     bool UseCompressedOops                        = true                           {product lp64_product} {ergonomic}
     bool UseG1GC                                  = true                                      {product} {ergonomic}
     bool UseLargePagesIndividualAllocation        = false                                  {pd product} {ergonomic}

Logging:
Log output configuration:
 #0: stdout all=warning uptime,level,tags foldmultilines=false
 #1: stderr all=off uptime,level,tags foldmultilines=false

Environment Variables:
PATH=C:\Program Files\Common Files\Oracle\Java\javapath;C:\Program Files (x86)\Intel\iCLS Client\;C:\Program Files\Intel\iCLS Client\;C:\WINDOWS\system32;C:\WINDOWS;C:\WINDOWS\System32\Wbem;C:\WINDOWS\System32\WindowsPowerShell\v1.0\;C:\Program Files (x86)\Intel\Intel(R) Management Engine Components\DAL;C:\Program Files\Intel\Intel(R) Management Engine Components\DAL;C:\Program Files (x86)\Intel\Intel(R) Management Engine Components\IPT;C:\Program Files\Intel\Intel(R) Management Engine Components\IPT;C:\WINDOWS\System32\OpenSSH\;C:\Program Files\Microsoft SQL Server\120\Tools\Binn\;C:\Program Files\Common Files\Autodesk Shared\;C:\WINDOWS\system32;C:\WINDOWS;C:\WINDOWS\System32\Wbem;C:\WINDOWS\System32\WindowsPowerShell\v1.0\;C:\WINDOWS\System32\OpenSSH\;C:\Program Files\Git\cmd;C:\Users\James Caicedo\AppData\Local\Programs\Python\Python310\Scripts\;C:\Users\James Caicedo\AppData\Local\Programs\Python\Python310\;C:\Users\James Caicedo\AppData\Local\Programs\Python\Python38-32\Scripts\;C:\Users\James Caicedo\AppData\Local\Programs\Python\Python38-32\;C:\Users\James Caicedo\AppData\Local\Microsoft\WindowsApps;;C:\Users\James Caicedo\AppData\Local\Programs\Microsoft VS Code\bin;C:\Program Files\JetBrains\IntelliJ IDEA Community Edition 2022.2\bin;
USERNAME=James Caicedo
OS=Windows_NT
PROCESSOR_IDENTIFIER=Intel64 Family 6 Model 78 Stepping 3, GenuineIntel



---------------  S Y S T E M  ---------------

OS:
 Windows 10 , 64 bit Build 19041 (10.0.19041.1889)
OS uptime: 3 days 0:10 hours

CPU: total 4 (initial active 4) (2 cores per cpu, 2 threads per core) family 6 model 78 stepping 3 microcode 0xcc, cx8, cmov, fxsr, ht, mmx, 3dnowpref, sse, sse2, sse3, ssse3, sse4.1, sse4.2, popcnt, lzcnt, tsc, tscinvbit, avx, avx2, aes, erms, clmul, bmi1, bmi2, adx, fma, vzeroupper, clflush, clflushopt

Memory: 4k page, system-wide physical 8091M (1473M free)
TotalPageFile size 13065M (AvailPageFile size 5M)
current process WorkingSet (physical memory assigned to process): 206M, peak: 213M
current process commit charge ("private bytes"): 240M, peak: 259M

vm_info: Java HotSpot(TM) 64-Bit Server VM (18.0.1.1+2-6) for windows-amd64 JRE (18.0.1.1+2-6), built on Apr 25 2022 21:53:15 by "mach5one" with MS VC++ 16.8 / 16.9 (VS2019)

END.
