#
# There is insufficient memory for the Java Runtime Environment to continue.
# Native memory allocation (malloc) failed to allocate 1922992 bytes for Chunk::new
# Possible reasons:
#   The system is out of physical RAM or swap space
#   The process is running with CompressedOops enabled, and the Java Heap may be blocking the growth of the native heap
# Possible solutions:
#   Reduce memory load on the system
#   Increase physical memory or swap space
#   Check if swap backing store is full
#   Decrease Java heap size (-Xmx/-Xms)
#   Decrease number of Java threads
#   Decrease Java thread stack sizes (-Xss)
#   Set larger code cache with -XX:ReservedCodeCacheSize=
#   JVM is running with Unscaled Compressed Oops mode in which the Java heap is
#     placed in the first 4GB address space. The Java Heap base address is the
#     maximum limit for the native heap growth. Please use -XX:HeapBaseMinAddress
#     to set the Java Heap base and to place the Java Heap above 4GB virtual address.
# This output file may be truncated or incomplete.
#
#  Out of Memory Error (arena.cpp:184), pid=16752, tid=9792
#
# JRE version: Java(TM) SE Runtime Environment (18.0.1.1+2) (build 18.0.1.1+2-6)
# Java VM: Java HotSpot(TM) 64-Bit Server VM (18.0.1.1+2-6, mixed mode, sharing, tiered, compressed oops, compressed class ptrs, g1 gc, windows-amd64)
# No core dump will be written. Minidumps are not enabled by default on client versions of Windows
#

---------------  S U M M A R Y ------------

Command Line: -javaagent:C:\Program Files\JetBrains\IntelliJ IDEA Community Edition 2022.2\lib\idea_rt.jar=50867:C:\Program Files\JetBrains\IntelliJ IDEA Community Edition 2022.2\bin -Dfile.encoding=UTF-8 com.mintic.DevCore.DevCoreApplication

Host: Intel(R) Core(TM) i5-6200U CPU @ 2.30GHz, 4 cores, 7G,  Windows 10 , 64 bit Build 19041 (10.0.19041.1889)
Time: Tue Sep  6 08:54:59 2022 Hora est. Pacífico, Sudamérica elapsed time: 8.799604 seconds (0d 0h 0m 8s)

---------------  T H R E A D  ---------------

Current thread (0x000002507fae6340):  JavaThread "C2 CompilerThread0" daemon [_thread_in_native, id=9792, stack(0x00000065b8400000,0x00000065b8500000)]


Current CompileTask:
C2:   8799 4111   !   4       jdk.internal.loader.BuiltinClassLoader::findClassOnClassPathOrNull (64 bytes)

Stack: [0x00000065b8400000,0x00000065b8500000]
Native frames: (J=compiled Java code, j=interpreted, Vv=VM code, C=native code)
V  [jvm.dll+0x69887a]
V  [jvm.dll+0x7f38bd]
V  [jvm.dll+0x7f51ce]
V  [jvm.dll+0x7f5883]
V  [jvm.dll+0x25ca3f]
V  [jvm.dll+0xb8c2f]
V  [jvm.dll+0xb8fa5]
V  [jvm.dll+0x385a6b]
V  [jvm.dll+0x1d27c2]
V  [jvm.dll+0x22fd79]
V  [jvm.dll+0x22eff1]
V  [jvm.dll+0x1b9cfc]
V  [jvm.dll+0x23e8ca]
V  [jvm.dll+0x23cbb5]
V  [jvm.dll+0x7a5fb1]
V  [jvm.dll+0x7a03ea]
V  [jvm.dll+0x697725]
C  [ucrtbase.dll+0x21bb2]
C  [KERNEL32.DLL+0x17034]
C  [ntdll.dll+0x52651]


---------------  P R O C E S S  ---------------

Threads class SMR info:
_java_thread_list=0x0000025017041480, length=19, elements={
0x00000250711ed0a0, 0x000002507fac7500, 0x000002507fac8a90, 0x000002507fae35b0,
0x000002507fae3e60, 0x000002507fae4710, 0x000002507fae4fc0, 0x000002507fae6340,
0x000002507fae8ff0, 0x000002507faf2960, 0x000002501305a470, 0x0000025013237870,
0x000002501347f4f0, 0x000002501586f010, 0x000002501557c010, 0x00000250152fc220,
0x00000250146ca060, 0x00000250146c7510, 0x000002501316fe20
}

Java Threads: ( => current thread )
  0x00000250711ed0a0 JavaThread "main" [_thread_in_Java, id=16812, stack(0x00000065b7700000,0x00000065b7800000)]
  0x000002507fac7500 JavaThread "Reference Handler" daemon [_thread_blocked, id=16352, stack(0x00000065b7e00000,0x00000065b7f00000)]
  0x000002507fac8a90 JavaThread "Finalizer" daemon [_thread_blocked, id=3228, stack(0x00000065b7f00000,0x00000065b8000000)]
  0x000002507fae35b0 JavaThread "Signal Dispatcher" daemon [_thread_blocked, id=7888, stack(0x00000065b8000000,0x00000065b8100000)]
  0x000002507fae3e60 JavaThread "Attach Listener" daemon [_thread_blocked, id=21132, stack(0x00000065b8100000,0x00000065b8200000)]
  0x000002507fae4710 JavaThread "Service Thread" daemon [_thread_blocked, id=476, stack(0x00000065b8200000,0x00000065b8300000)]
  0x000002507fae4fc0 JavaThread "Monitor Deflation Thread" daemon [_thread_blocked, id=18104, stack(0x00000065b8300000,0x00000065b8400000)]
=>0x000002507fae6340 JavaThread "C2 CompilerThread0" daemon [_thread_in_native, id=9792, stack(0x00000065b8400000,0x00000065b8500000)]
  0x000002507fae8ff0 JavaThread "C1 CompilerThread0" daemon [_thread_in_native, id=17952, stack(0x00000065b8500000,0x00000065b8600000)]
  0x000002507faf2960 JavaThread "Sweeper thread" daemon [_thread_blocked, id=7192, stack(0x00000065b8600000,0x00000065b8700000)]
  0x000002501305a470 JavaThread "Common-Cleaner" daemon [_thread_blocked, id=13424, stack(0x00000065b8700000,0x00000065b8800000)]
  0x0000025013237870 JavaThread "Monitor Ctrl-Break" daemon [_thread_in_native, id=10448, stack(0x00000065b8900000,0x00000065b8a00000)]
  0x000002501347f4f0 JavaThread "Notification Thread" daemon [_thread_blocked, id=20412, stack(0x00000065b8a00000,0x00000065b8b00000)]
  0x000002501586f010 JavaThread "Catalina-utility-1" [_thread_blocked, id=480, stack(0x00000065b9000000,0x00000065b9100000)]
  0x000002501557c010 JavaThread "Catalina-utility-2" [_thread_blocked, id=18576, stack(0x00000065b9100000,0x00000065b9200000)]
  0x00000250152fc220 JavaThread "container-0" [_thread_blocked, id=20468, stack(0x00000065b9200000,0x00000065b9300000)]
  0x00000250146ca060 JavaThread "HikariPool-1 housekeeper" daemon [_thread_blocked, id=2972, stack(0x00000065b9400000,0x00000065b9500000)]
  0x00000250146c7510 JavaThread "HikariPool-1 connection adder" daemon [_thread_in_native, id=17892, stack(0x00000065b9500000,0x00000065b9600000)]
  0x000002501316fe20 JavaThread "C2 CompilerThread1" daemon [_thread_in_native, id=19552, stack(0x00000065b9300000,0x00000065b9400000)]

Other Threads:
  0x000002507fac3e50 VMThread "VM Thread" [stack: 0x00000065b7d00000,0x00000065b7e00000] [id=8992]
  0x0000025013237d30 WatcherThread "VM Periodic Task Thread" [stack: 0x00000065b8b00000,0x00000065b8c00000] [id=16136]
  0x000002507124a750 WorkerThread "GC Thread#0" [stack: 0x00000065b7800000,0x00000065b7900000] [id=17912]
  0x0000025013ab37b0 WorkerThread "GC Thread#1" [stack: 0x00000065b8c00000,0x00000065b8d00000] [id=20780]
  0x0000025013ab3a50 WorkerThread "GC Thread#2" [stack: 0x00000065b8d00000,0x00000065b8e00000] [id=18220]
  0x0000025013630160 WorkerThread "GC Thread#3" [stack: 0x00000065b8e00000,0x00000065b8f00000] [id=16888]
  0x000002507125e2c0 ConcurrentGCThread "G1 Main Marker" [stack: 0x00000065b7900000,0x00000065b7a00000] [id=14132]
  0x000002507125fbd0 WorkerThread "G1 Conc#0" [stack: 0x00000065b7a00000,0x00000065b7b00000] [id=19472]
  0x000002507129ed60 ConcurrentGCThread "G1 Refine#0" [stack: 0x00000065b7b00000,0x00000065b7c00000] [id=9876]
  0x000002501367f420 ConcurrentGCThread "G1 Refine#1" [stack: 0x00000065b8f00000,0x00000065b9000000] [id=5616]
  0x000002507129f580 ConcurrentGCThread "G1 Service" [stack: 0x00000065b7c00000,0x00000065b7d00000] [id=17452]

Threads with active compile tasks:
C2 CompilerThread0     8878 4111   !   4       jdk.internal.loader.BuiltinClassLoader::findClassOnClassPathOrNull (64 bytes)
C1 CompilerThread0     8878 4344       3       net.bytebuddy.description.type.TypeDescription$AbstractBase::isVisibleTo (58 bytes)
C2 CompilerThread1     8878 4219       4       java.util.Arrays::copyOf (40 bytes)

VM state: not at safepoint (normal execution)

VM Mutex/Monitor currently owned by a thread: None

Heap address: 0x0000000081800000, size: 2024 MB, Compressed Oops mode: 32-bit

CDS archive(s) mapped at: [0x0000000800000000-0x0000000800ba0000-0x0000000800ba0000), size 12189696, SharedBaseAddress: 0x0000000800000000, ArchiveRelocationMode: 0.
Compressed class space mapped at: 0x0000000800c00000-0x0000000840c00000, reserved size: 1073741824
Narrow klass base: 0x0000000800000000, Narrow klass shift: 0, Narrow klass range: 0x100000000

GC Precious Log:
 CardTable entry size: 512
 Card Set container configuration: InlinePtr #cards 5 size 8 Array Of Cards #cards 12 size 40 Howl #buckets 4 coarsen threshold 1843 Howl Bitmap #cards 512 size 80 coarsen threshold 460 Card regions per heap region 1 cards per card region 2048
 CPUs: 4 total, 4 available
 Memory: 8091M
 Large Page Support: Disabled
 NUMA Support: Disabled
 Compressed Oops: Enabled (32-bit)
 Heap Region Size: 1M
 Heap Min Capacity: 8M
 Heap Initial Capacity: 128M
 Heap Max Capacity: 2024M
 Pre-touch: Disabled
 Parallel Workers: 4
 Concurrent Workers: 1
 Concurrent Refinement Workers: 4
 Periodic GC: Disabled

Heap:
 garbage-first heap   total 59392K, used 40946K [0x0000000081800000, 0x0000000100000000)
  region size 1024K, 27 young (27648K), 2 survivors (2048K)
 Metaspace       used 42046K, committed 42496K, reserved 1114112K
  class space    used 5556K, committed 5760K, reserved 1048576K

Heap Regions: E=young(eden), S=young(survivor), O=old, HS=humongous(starts), HC=humongous(continues), CS=collection set, F=free, OA=open archive, CA=closed archive, TAMS=top-at-mark-start (previous, next)
|   0|0x0000000081800000, 0x0000000081900000, 0x0000000081900000|100%|HS|  |TAMS 0x0000000081900000, 0x0000000081800000| Complete 
|   1|0x0000000081900000, 0x0000000081a00000, 0x0000000081a00000|100%| O|  |TAMS 0x0000000081a00000, 0x0000000081900000| Untracked 
|   2|0x0000000081a00000, 0x0000000081b00000, 0x0000000081b00000|100%| O|  |TAMS 0x0000000081b00000, 0x0000000081a00000| Untracked 
|   3|0x0000000081b00000, 0x0000000081c00000, 0x0000000081c00000|100%| O|  |TAMS 0x0000000081c00000, 0x0000000081b00000| Untracked 
|   4|0x0000000081c00000, 0x0000000081d00000, 0x0000000081d00000|100%| O|  |TAMS 0x0000000081d00000, 0x0000000081c00000| Untracked 
|   5|0x0000000081d00000, 0x0000000081e00000, 0x0000000081e00000|100%| O|  |TAMS 0x0000000081e00000, 0x0000000081d00000| Untracked 
|   6|0x0000000081e00000, 0x0000000081f00000, 0x0000000081f00000|100%| O|  |TAMS 0x0000000081e00000, 0x0000000081e00000| Untracked 
|   7|0x0000000081f00000, 0x0000000082000000, 0x0000000082000000|100%| O|  |TAMS 0x0000000081f00000, 0x0000000081f00000| Untracked 
|   8|0x0000000082000000, 0x0000000082100000, 0x0000000082100000|100%| O|  |TAMS 0x0000000082000000, 0x0000000082000000| Untracked 
|   9|0x0000000082100000, 0x0000000082200000, 0x0000000082200000|100%| O|  |TAMS 0x0000000082100000, 0x0000000082100000| Untracked 
|  10|0x0000000082200000, 0x0000000082300000, 0x0000000082300000|100%| O|  |TAMS 0x0000000082200000, 0x0000000082200000| Untracked 
|  11|0x0000000082300000, 0x0000000082400000, 0x0000000082400000|100%| O|  |TAMS 0x0000000082300000, 0x0000000082300000| Untracked 
|  12|0x0000000082400000, 0x00000000824fca00, 0x0000000082500000| 98%| O|  |TAMS 0x0000000082400000, 0x0000000082400000| Untracked 
|  13|0x0000000082500000, 0x0000000082500000, 0x0000000082600000|  0%| F|  |TAMS 0x0000000082500000, 0x0000000082500000| Untracked 
|  14|0x0000000082600000, 0x0000000082600000, 0x0000000082700000|  0%| F|  |TAMS 0x0000000082600000, 0x0000000082600000| Untracked 
|  15|0x0000000082700000, 0x0000000082700000, 0x0000000082800000|  0%| F|  |TAMS 0x0000000082700000, 0x0000000082700000| Untracked 
|  16|0x0000000082800000, 0x0000000082800000, 0x0000000082900000|  0%| F|  |TAMS 0x0000000082800000, 0x0000000082800000| Untracked 
|  17|0x0000000082900000, 0x0000000082900000, 0x0000000082a00000|  0%| F|  |TAMS 0x0000000082900000, 0x0000000082900000| Untracked 
|  18|0x0000000082a00000, 0x0000000082a00000, 0x0000000082b00000|  0%| F|  |TAMS 0x0000000082a00000, 0x0000000082a00000| Untracked 
|  19|0x0000000082b00000, 0x0000000082b00000, 0x0000000082c00000|  0%| F|  |TAMS 0x0000000082b00000, 0x0000000082b00000| Untracked 
|  20|0x0000000082c00000, 0x0000000082c00000, 0x0000000082d00000|  0%| F|  |TAMS 0x0000000082c00000, 0x0000000082c00000| Untracked 
|  21|0x0000000082d00000, 0x0000000082d00000, 0x0000000082e00000|  0%| F|  |TAMS 0x0000000082d00000, 0x0000000082d00000| Untracked 
|  22|0x0000000082e00000, 0x0000000082f00000, 0x0000000082f00000|100%| S|CS|TAMS 0x0000000082e00000, 0x0000000082e00000| Complete 
|  23|0x0000000082f00000, 0x0000000083000000, 0x0000000083000000|100%| S|CS|TAMS 0x0000000082f00000, 0x0000000082f00000| Complete 
|  24|0x0000000083000000, 0x0000000083000000, 0x0000000083100000|  0%| F|  |TAMS 0x0000000083000000, 0x0000000083000000| Untracked 
|  25|0x0000000083100000, 0x0000000083100000, 0x0000000083200000|  0%| F|  |TAMS 0x0000000083100000, 0x0000000083100000| Untracked 
|  26|0x0000000083200000, 0x0000000083200000, 0x0000000083300000|  0%| F|  |TAMS 0x0000000083200000, 0x0000000083200000| Untracked 
|  27|0x0000000083300000, 0x0000000083300000, 0x0000000083400000|  0%| F|  |TAMS 0x0000000083300000, 0x0000000083300000| Untracked 
|  28|0x0000000083400000, 0x0000000083400000, 0x0000000083500000|  0%| F|  |TAMS 0x0000000083400000, 0x0000000083400000| Untracked 
|  29|0x0000000083500000, 0x0000000083500000, 0x0000000083600000|  0%| F|  |TAMS 0x0000000083500000, 0x0000000083500000| Untracked 
|  30|0x0000000083600000, 0x0000000083600000, 0x0000000083700000|  0%| F|  |TAMS 0x0000000083600000, 0x0000000083600000| Untracked 
|  31|0x0000000083700000, 0x0000000083800000, 0x0000000083800000|100%| E|  |TAMS 0x0000000083700000, 0x0000000083700000| Complete 
|  32|0x0000000083800000, 0x0000000083900000, 0x0000000083900000|100%| E|CS|TAMS 0x0000000083800000, 0x0000000083800000| Complete 
|  33|0x0000000083900000, 0x0000000083a00000, 0x0000000083a00000|100%| E|CS|TAMS 0x0000000083900000, 0x0000000083900000| Complete 
|  34|0x0000000083a00000, 0x0000000083b00000, 0x0000000083b00000|100%| E|CS|TAMS 0x0000000083a00000, 0x0000000083a00000| Complete 
|  35|0x0000000083b00000, 0x0000000083c00000, 0x0000000083c00000|100%| E|CS|TAMS 0x0000000083b00000, 0x0000000083b00000| Complete 
|  36|0x0000000083c00000, 0x0000000083d00000, 0x0000000083d00000|100%| E|CS|TAMS 0x0000000083c00000, 0x0000000083c00000| Complete 
|  37|0x0000000083d00000, 0x0000000083e00000, 0x0000000083e00000|100%| E|CS|TAMS 0x0000000083d00000, 0x0000000083d00000| Complete 
|  38|0x0000000083e00000, 0x0000000083f00000, 0x0000000083f00000|100%| E|CS|TAMS 0x0000000083e00000, 0x0000000083e00000| Complete 
|  39|0x0000000083f00000, 0x0000000084000000, 0x0000000084000000|100%| E|CS|TAMS 0x0000000083f00000, 0x0000000083f00000| Complete 
|  40|0x0000000084000000, 0x0000000084100000, 0x0000000084100000|100%| E|CS|TAMS 0x0000000084000000, 0x0000000084000000| Complete 
|  41|0x0000000084100000, 0x0000000084200000, 0x0000000084200000|100%| E|CS|TAMS 0x0000000084100000, 0x0000000084100000| Complete 
|  42|0x0000000084200000, 0x0000000084300000, 0x0000000084300000|100%| E|  |TAMS 0x0000000084200000, 0x0000000084200000| Complete 
|  43|0x0000000084300000, 0x0000000084400000, 0x0000000084400000|100%| E|CS|TAMS 0x0000000084300000, 0x0000000084300000| Complete 
|  44|0x0000000084400000, 0x0000000084500000, 0x0000000084500000|100%| E|CS|TAMS 0x0000000084400000, 0x0000000084400000| Complete 
|  45|0x0000000084500000, 0x0000000084600000, 0x0000000084600000|100%| E|CS|TAMS 0x0000000084500000, 0x0000000084500000| Complete 
|  46|0x0000000084600000, 0x0000000084700000, 0x0000000084700000|100%| E|CS|TAMS 0x0000000084600000, 0x0000000084600000| Complete 
|  47|0x0000000084700000, 0x0000000084800000, 0x0000000084800000|100%| E|CS|TAMS 0x0000000084700000, 0x0000000084700000| Complete 
|  68|0x0000000085c00000, 0x0000000085d00000, 0x0000000085d00000|100%| E|CS|TAMS 0x0000000085c00000, 0x0000000085c00000| Complete 
|  69|0x0000000085d00000, 0x0000000085e00000, 0x0000000085e00000|100%| E|CS|TAMS 0x0000000085d00000, 0x0000000085d00000| Complete 
|  70|0x0000000085e00000, 0x0000000085f00000, 0x0000000085f00000|100%| E|CS|TAMS 0x0000000085e00000, 0x0000000085e00000| Complete 
|  71|0x0000000085f00000, 0x0000000086000000, 0x0000000086000000|100%| E|CS|TAMS 0x0000000085f00000, 0x0000000085f00000| Complete 
|  72|0x0000000086000000, 0x0000000086100000, 0x0000000086100000|100%| E|CS|TAMS 0x0000000086000000, 0x0000000086000000| Complete 
|  73|0x0000000086100000, 0x0000000086200000, 0x0000000086200000|100%| E|CS|TAMS 0x0000000086100000, 0x0000000086100000| Complete 
|  74|0x0000000086200000, 0x0000000086300000, 0x0000000086300000|100%| E|CS|TAMS 0x0000000086200000, 0x0000000086200000| Complete 
| 127|0x0000000089700000, 0x0000000089800000, 0x0000000089800000|100%| E|CS|TAMS 0x0000000089700000, 0x0000000089700000| Complete 
|2022|0x00000000ffe00000, 0x00000000fff00000, 0x00000000fff00000|100%| O|  |TAMS 0x00000000ffe4e200, 0x00000000ffe00000| Untracked 
|2023|0x00000000fff00000, 0x0000000100000000, 0x0000000100000000|100%| O|  |TAMS 0x0000000100000000, 0x00000000fff00000| Untracked 

Card table byte_map: [0x0000025078f20000,0x0000025079320000] _byte_map_base: 0x0000025078b14000

Marking Bits (Prev, Next): (CMBitMap*) 0x000002507124dc90, (CMBitMap*) 0x000002507124dcd0
 Prev Bits: [0x0000025079720000, 0x000002507b6c0000)
 Next Bits: [0x000002507b6c0000, 0x000002507d660000)

Polling page: 0x000002506efd0000

Metaspace:

Usage:
  Non-class:     35.64 MB used.
      Class:      5.43 MB used.
       Both:     41.07 MB used.

Virtual space:
  Non-class space:       64.00 MB reserved,      35.88 MB ( 56%) committed,  1 nodes.
      Class space:        1.00 GB reserved,       5.62 MB ( <1%) committed,  1 nodes.
             Both:        1.06 GB reserved,      41.50 MB (  4%) committed. 

Chunk freelists:
   Non-Class:  3.87 MB
       Class:  2.36 MB
        Both:  6.23 MB

MaxMetaspaceSize: unlimited
CompressedClassSpaceSize: 1.00 GB
Initial GC threshold: 21.00 MB
Current GC threshold: 59.00 MB
CDS: on
MetaspaceReclaimPolicy: balanced
 - commit_granule_bytes: 65536.
 - commit_granule_words: 8192.
 - virtual_space_node_default_size: 8388608.
 - enlarge_chunks_in_place: 1.
 - new_chunks_are_fully_committed: 0.
 - uncommit_free_chunks: 1.
 - use_allocation_guard: 0.


Internal statistics:

num_allocs_failed_limit: 6.
num_arena_births: 406.
num_arena_deaths: 0.
num_vsnodes_births: 2.
num_vsnodes_deaths: 0.
num_space_committed: 664.
num_space_uncommitted: 0.
num_chunks_returned_to_freelist: 6.
num_chunks_taken_from_freelist: 1840.
num_chunk_merges: 3.
num_chunk_splits: 1335.
num_chunks_enlarged: 1121.
num_inconsistent_stats: 0.

CodeHeap 'non-profiled nmethods': size=120000Kb used=2409Kb max_used=2409Kb free=117590Kb
 bounds [0x0000025007ad0000, 0x0000025007d40000, 0x000002500f000000]
CodeHeap 'profiled nmethods': size=120000Kb used=9438Kb max_used=9438Kb free=110561Kb
 bounds [0x00000250005a0000, 0x0000025000ee0000, 0x0000025007ad0000]
CodeHeap 'non-nmethods': size=5760Kb used=1268Kb max_used=1331Kb free=4491Kb
 bounds [0x0000025000000000, 0x0000025000270000, 0x00000250005a0000]
 total_blobs=4915 nmethods=4344 adapters=482
 compilation: enabled
              stopped_count=0, restarted_count=0
 full_count=0

Compilation events (20 events):
Event: 8.776 Thread 0x000002507fae8ff0 4254       1       net.bytebuddy.dynamic.scaffold.InstrumentedType$Default::getModifiers (5 bytes)
Event: 8.776 Thread 0x000002507fae8ff0 nmethod 4254 0x0000025007d23f10 code [0x0000025007d240a0, 0x0000025007d24178]
Event: 8.776 Thread 0x000002507fae8ff0 4255       1       net.bytebuddy.implementation.Implementation$Context$Default$CacheValueField::getType (5 bytes)
Event: 8.776 Thread 0x000002507fae8ff0 nmethod 4255 0x0000025007d24210 code [0x0000025007d243a0, 0x0000025007d24478]
Event: 8.780 Thread 0x000002507fae8ff0 4256       3       net.bytebuddy.jar.asm.ByteVector::putUTF8 (144 bytes)
Event: 8.781 Thread 0x000002507fae8ff0 nmethod 4256 0x0000025000eaa810 code [0x0000025000eaaa80, 0x0000025000eab548]
Event: 8.781 Thread 0x000002507fae8ff0 4257       3       net.bytebuddy.implementation.bytecode.StackManipulation$Size::aggregate (27 bytes)
Event: 8.782 Thread 0x000002507fae8ff0 nmethod 4257 0x0000025000eaba10 code [0x0000025000eabbc0, 0x0000025000eabeb8]
Event: 8.782 Thread 0x000002507fae8ff0 4258       3       net.bytebuddy.description.type.TypeDescription$ForLoadedType::getModifiers (8 bytes)
Event: 8.782 Thread 0x000002507fae8ff0 nmethod 4258 0x0000025000eac010 code [0x0000025000eac1a0, 0x0000025000eac2f8]
Event: 8.782 Thread 0x000002507fae8ff0 4259       3       net.bytebuddy.jar.asm.SymbolTable::hash (10 bytes)
Event: 8.782 Thread 0x000002507fae8ff0 nmethod 4259 0x0000025000eac390 code [0x0000025000eac520, 0x0000025000eac648]
Event: 8.782 Thread 0x000002507fae8ff0 4260       3       net.bytebuddy.description.method.ParameterList$ForLoadedExecutable$OfMethod::get (6 bytes)
Event: 8.782 Thread 0x000002507fae8ff0 nmethod 4260 0x0000025000eac710 code [0x0000025000eac8c0, 0x0000025000eaca08]
Event: 8.782 Thread 0x000002507fae8ff0 4261       3       net.bytebuddy.description.method.ParameterList$ForLoadedExecutable$OfMethod::get (20 bytes)
Event: 8.782 Thread 0x000002507fae8ff0 nmethod 4261 0x0000025000eaca90 code [0x0000025000eacc60, 0x0000025000ead1d8]
Event: 8.783 Thread 0x000002507fae8ff0 4262       3       net.bytebuddy.description.method.ParameterDescription$ForLoadedParameter$OfMethod::<init> (8 bytes)
Event: 8.783 Thread 0x000002507fae8ff0 nmethod 4262 0x0000025000ead390 code [0x0000025000ead560, 0x0000025000ead918]
Event: 8.784 Thread 0x000002507fae8ff0 4263       3       net.bytebuddy.jar.asm.ByteVector::putShort (52 bytes)
Event: 8.785 Thread 0x000002507fae8ff0 nmethod 4263 0x0000025000eada90 code [0x0000025000eadc40, 0x0000025000eade48]

GC Heap History (12 events):
Event: 1.059 GC heap before
{Heap before GC invocations=0 (full 0):
 garbage-first heap   total 131072K, used 13312K [0x0000000081800000, 0x0000000100000000)
  region size 1024K, 13 young (13312K), 0 survivors (0K)
 Metaspace       used 3546K, committed 3648K, reserved 1114112K
  class space    used 352K, committed 384K, reserved 1048576K
}
Event: 1.069 GC heap after
{Heap after GC invocations=1 (full 0):
 garbage-first heap   total 131072K, used 6122K [0x0000000081800000, 0x0000000100000000)
  region size 1024K, 2 young (2048K), 2 survivors (2048K)
 Metaspace       used 3546K, committed 3648K, reserved 1114112K
  class space    used 352K, committed 384K, reserved 1048576K
}
Event: 1.507 GC heap before
{Heap before GC invocations=1 (full 0):
 garbage-first heap   total 131072K, used 16362K [0x0000000081800000, 0x0000000100000000)
  region size 1024K, 12 young (12288K), 2 survivors (2048K)
 Metaspace       used 6444K, committed 6592K, reserved 1114112K
  class space    used 733K, committed 832K, reserved 1048576K
}
Event: 1.512 GC heap after
{Heap after GC invocations=2 (full 0):
 garbage-first heap   total 131072K, used 7621K [0x0000000081800000, 0x0000000100000000)
  region size 1024K, 2 young (2048K), 2 survivors (2048K)
 Metaspace       used 6444K, committed 6592K, reserved 1114112K
  class space    used 733K, committed 832K, reserved 1048576K
}
Event: 2.298 GC heap before
{Heap before GC invocations=2 (full 0):
 garbage-first heap   total 131072K, used 30149K [0x0000000081800000, 0x0000000100000000)
  region size 1024K, 24 young (24576K), 2 survivors (2048K)
 Metaspace       used 12707K, committed 12928K, reserved 1114112K
  class space    used 1495K, committed 1600K, reserved 1048576K
}
Event: 2.303 GC heap after
{Heap after GC invocations=3 (full 0):
 garbage-first heap   total 131072K, used 8928K [0x0000000081800000, 0x0000000100000000)
  region size 1024K, 3 young (3072K), 3 survivors (3072K)
 Metaspace       used 12707K, committed 12928K, reserved 1114112K
  class space    used 1495K, committed 1600K, reserved 1048576K
}
Event: 4.350 GC heap before
{Heap before GC invocations=3 (full 0):
 garbage-first heap   total 131072K, used 58080K [0x0000000081800000, 0x0000000100000000)
  region size 1024K, 53 young (54272K), 3 survivors (3072K)
 Metaspace       used 21207K, committed 21504K, reserved 1114112K
  class space    used 2567K, committed 2752K, reserved 1048576K
}
Event: 4.361 GC heap after
{Heap after GC invocations=4 (full 0):
 garbage-first heap   total 131072K, used 12439K [0x0000000081800000, 0x0000000100000000)
  region size 1024K, 7 young (7168K), 7 survivors (7168K)
 Metaspace       used 21207K, committed 21504K, reserved 1114112K
  class space    used 2567K, committed 2752K, reserved 1048576K
}
Event: 6.099 GC heap before
{Heap before GC invocations=5 (full 0):
 garbage-first heap   total 48128K, used 47255K [0x0000000081800000, 0x0000000100000000)
  region size 1024K, 41 young (41984K), 7 survivors (7168K)
 Metaspace       used 28118K, committed 28416K, reserved 1114112K
  class space    used 3466K, committed 3584K, reserved 1048576K
}
Event: 6.114 GC heap after
{Heap after GC invocations=6 (full 0):
 garbage-first heap   total 59392K, used 15930K [0x0000000081800000, 0x0000000100000000)
  region size 1024K, 9 young (9216K), 9 survivors (9216K)
 Metaspace       used 28118K, committed 28416K, reserved 1114112K
  class space    used 3466K, committed 3584K, reserved 1048576K
}
Event: 7.421 GC heap before
{Heap before GC invocations=6 (full 0):
 garbage-first heap   total 59392K, used 38458K [0x0000000081800000, 0x0000000100000000)
  region size 1024K, 32 young (32768K), 9 survivors (9216K)
 Metaspace       used 35627K, committed 35968K, reserved 1114112K
  class space    used 4588K, committed 4800K, reserved 1048576K
}
Event: 7.434 GC heap after
{Heap after GC invocations=7 (full 0):
 garbage-first heap   total 59392K, used 17394K [0x0000000081800000, 0x0000000100000000)
  region size 1024K, 2 young (2048K), 2 survivors (2048K)
 Metaspace       used 35627K, committed 35968K, reserved 1114112K
  class space    used 4588K, committed 4800K, reserved 1048576K
}

Deoptimization events (20 events):
Event: 8.399 Thread 0x00000250146c7510 DEOPT PACKING pc=0x0000025007d07bc0 sp=0x00000065b95fe0d0
Event: 8.399 Thread 0x00000250146c7510 DEOPT UNPACKING pc=0x00000250000523a3 sp=0x00000065b95fdde0 mode 2
Event: 8.551 Thread 0x00000250711ed0a0 Uncommon trap: trap_request=0xffffffc6 fr.pc=0x0000025007cd97f0 relative=0x0000000000000850
Event: 8.551 Thread 0x00000250711ed0a0 Uncommon trap: reason=bimorphic_or_optimized_type_check action=maybe_recompile pc=0x0000025007cd97f0 method=java.util.HashMap.putVal(ILjava/lang/Object;Ljava/lang/Object;ZZ)Ljava/lang/Object; @ 203 c2
Event: 8.551 Thread 0x00000250711ed0a0 DEOPT PACKING pc=0x0000025007cd97f0 sp=0x00000065b77fca00
Event: 8.551 Thread 0x00000250711ed0a0 DEOPT UNPACKING pc=0x00000250000523a3 sp=0x00000065b77fc980 mode 2
Event: 8.571 Thread 0x00000250711ed0a0 Uncommon trap: trap_request=0xffffffc6 fr.pc=0x0000025007cd9824 relative=0x0000000000000884
Event: 8.571 Thread 0x00000250711ed0a0 Uncommon trap: reason=bimorphic_or_optimized_type_check action=maybe_recompile pc=0x0000025007cd9824 method=java.util.HashMap.putVal(ILjava/lang/Object;Ljava/lang/Object;ZZ)Ljava/lang/Object; @ 91 c2
Event: 8.571 Thread 0x00000250711ed0a0 DEOPT PACKING pc=0x0000025007cd9824 sp=0x00000065b77fc370
Event: 8.571 Thread 0x00000250711ed0a0 DEOPT UNPACKING pc=0x00000250000523a3 sp=0x00000065b77fc2f0 mode 2
Event: 8.571 Thread 0x00000250711ed0a0 Uncommon trap: trap_request=0xffffffc6 fr.pc=0x0000025007cd9824 relative=0x0000000000000884
Event: 8.571 Thread 0x00000250711ed0a0 Uncommon trap: reason=bimorphic_or_optimized_type_check action=maybe_recompile pc=0x0000025007cd9824 method=java.util.HashMap.putVal(ILjava/lang/Object;Ljava/lang/Object;ZZ)Ljava/lang/Object; @ 91 c2
Event: 8.571 Thread 0x00000250711ed0a0 DEOPT PACKING pc=0x0000025007cd9824 sp=0x00000065b77fc370
Event: 8.571 Thread 0x00000250711ed0a0 DEOPT UNPACKING pc=0x00000250000523a3 sp=0x00000065b77fc2f0 mode 2
Event: 8.571 Thread 0x00000250711ed0a0 Uncommon trap: trap_request=0xffffffc6 fr.pc=0x0000025007cd9824 relative=0x0000000000000884
Event: 8.571 Thread 0x00000250711ed0a0 Uncommon trap: reason=bimorphic_or_optimized_type_check action=maybe_recompile pc=0x0000025007cd9824 method=java.util.HashMap.putVal(ILjava/lang/Object;Ljava/lang/Object;ZZ)Ljava/lang/Object; @ 91 c2
Event: 8.571 Thread 0x00000250711ed0a0 DEOPT PACKING pc=0x0000025007cd9824 sp=0x00000065b77fc370
Event: 8.571 Thread 0x00000250711ed0a0 DEOPT UNPACKING pc=0x00000250000523a3 sp=0x00000065b77fc2f0 mode 2
Event: 8.689 Thread 0x00000250146c7510 DEOPT PACKING pc=0x0000025000e65083 sp=0x00000065b95fe170
Event: 8.689 Thread 0x00000250146c7510 DEOPT UNPACKING pc=0x0000025000052b43 sp=0x00000065b95fd648 mode 0

Classes loaded (20 events):
Event: 8.023 Loading class java/util/concurrent/CompletionStage
Event: 8.023 Loading class java/util/concurrent/CompletionStage done
Event: 8.024 Loading class java/util/concurrent/CompletableFuture
Event: 8.025 Loading class java/util/concurrent/CompletableFuture done
Event: 8.025 Loading class java/util/concurrent/CompletableFuture$AltResult
Event: 8.026 Loading class java/util/concurrent/CompletableFuture$AltResult done
Event: 8.026 Loading class java/util/concurrent/CompletableFuture$Completion
Event: 8.026 Loading class java/util/concurrent/CompletableFuture$AsynchronousCompletionTask
Event: 8.026 Loading class java/util/concurrent/CompletableFuture$AsynchronousCompletionTask done
Event: 8.026 Loading class java/util/concurrent/CompletableFuture$Completion done
Event: 8.283 Loading class jdk/internal/reflect/MethodHandleLongFieldAccessorImpl
Event: 8.283 Loading class jdk/internal/reflect/MethodHandleLongFieldAccessorImpl done
Event: 8.493 Loading class sun/reflect/generics/tree/LongSignature
Event: 8.493 Loading class sun/reflect/generics/tree/LongSignature done
Event: 8.513 Loading class java/lang/reflect/AnnotatedParameterizedType
Event: 8.513 Loading class java/lang/reflect/AnnotatedParameterizedType done
Event: 8.522 Loading class java/util/AbstractList$SubList
Event: 8.522 Loading class java/util/AbstractList$SubList done
Event: 8.709 Loading class java/lang/reflect/AnnotatedArrayType
Event: 8.710 Loading class java/lang/reflect/AnnotatedArrayType done

Classes unloaded (0 events):
No events

Classes redefined (0 events):
No events

Internal exceptions (20 events):
Event: 4.741 Thread 0x00000250711ed0a0 Exception <a 'java/lang/NoSuchMethodError'{0x0000000083a5ec70}: 'void java.lang.invoke.DirectMethodHandle$Holder.invokeStatic(java.lang.Object, int, java.lang.Object)'> (0x0000000083a5ec70) 
thrown [s\open\src\hotspot\share\interpreter\linkResolver.cpp, line 766]
Event: 4.748 Thread 0x00000250711ed0a0 Exception <a 'java/lang/NoSuchMethodError'{0x0000000083abeae0}: 'int java.lang.invoke.DirectMethodHandle$Holder.invokeSpecial(java.lang.Object, java.lang.Object, int)'> (0x0000000083abeae0) 
thrown [s\open\src\hotspot\share\interpreter\linkResolver.cpp, line 766]
Event: 4.931 Thread 0x00000250711ed0a0 Exception <a 'java/lang/NoSuchMethodError'{0x000000008369e8e0}: 'java.lang.Object java.lang.invoke.DirectMethodHandle$Holder.invokeStaticInit(java.lang.Object, int, int, int, int)'> (0x000000008369e8e0) 
thrown [s\open\src\hotspot\share\interpreter\linkResolver.cpp, line 766]
Event: 5.049 Thread 0x00000250711ed0a0 Exception <a 'java/lang/NoSuchMethodError'{0x0000000083566b28}: 'java.lang.Object java.lang.invoke.DirectMethodHandle$Holder.invokeStaticInit(java.lang.Object, java.lang.Object, int, int, int, int)'> (0x0000000083566b28) 
thrown [s\open\src\hotspot\share\interpreter\linkResolver.cpp, line 766]
Event: 5.153 Thread 0x00000250711ed0a0 Exception <a 'java/lang/NoSuchMethodError'{0x000000008320fb60}: 'int java.lang.invoke.DirectMethodHandle$Holder.invokeVirtual(java.lang.Object, java.lang.Object, java.lang.Object, java.lang.Object)'> (0x000000008320fb60) 
thrown [s\open\src\hotspot\share\interpreter\linkResolver.cpp, line 766]
Event: 5.154 Thread 0x00000250711ed0a0 Exception <a 'java/lang/NoSuchMethodError'{0x0000000083213678}: 'int java.lang.invoke.DelegatingMethodHandle$Holder.reinvoke_L(java.lang.Object, java.lang.Object, java.lang.Object, java.lang.Object)'> (0x0000000083213678) 
thrown [s\open\src\hotspot\share\interpreter\linkResolver.cpp, line 766]
Event: 5.524 Thread 0x00000250711ed0a0 Exception <a 'java/io/FileNotFoundException'{0x0000000082b52b18}> (0x0000000082b52b18) 
thrown [s\open\src\hotspot\share\prims\jni.cpp, line 516]
Event: 5.631 Thread 0x00000250711ed0a0 Exception <a 'java/lang/NoSuchMethodError'{0x0000000082ad0ad0}: 'int java.lang.invoke.DirectMethodHandle$Holder.invokeInterface(java.lang.Object, java.lang.Object, java.lang.Object, java.lang.Object)'> (0x0000000082ad0ad0) 
thrown [s\open\src\hotspot\share\interpreter\linkResolver.cpp, line 766]
Event: 5.725 Thread 0x00000250711ed0a0 Exception <a 'java/io/FileNotFoundException'{0x00000000828a8cb8}> (0x00000000828a8cb8) 
thrown [s\open\src\hotspot\share\prims\jni.cpp, line 516]
Event: 5.852 Thread 0x00000250711ed0a0 Exception <a 'java/lang/NoSuchMethodError'{0x00000000823f6f70}: 'java.lang.Object java.lang.invoke.DirectMethodHandle$Holder.newInvokeSpecial(java.lang.Object, java.lang.Object, java.lang.Object, java.lang.Object, java.lang.Object, java.lang.Object, java.lang.Object, java.lang.Object, java.lang.Object, java.lang.Object, java.lang.Object)'> (0x00000000823f6f70) 
thrown [s\open\src\hotspot\share\interpreter\linkResolver.cpp, line 766]
Event: 5.853 Thread 0x00000250711ed0a0 Exception <a 'java/lang/NoSuchMethodError'{0x00000000823fc198}: 'java.lang.Object java.lang.invoke.DirectMethodHandle$Holder.invokeSpecial(java.lang.Object, java.lang.Object, java.lang.Object, java.lang.Object, java.lang.Object, java.lang.Object, java.lang.Object, java.lang.Object, java.lang.Object, java.lang.Object, java.lang.Object, java.lang.Object)'> (0x00000000823fc198) 
thrown [s\open\src\hotspot\share\interpreter\linkResolver.cpp, line 766]
Event: 6.866 Thread 0x00000250711ed0a0 Implicit null exception at 0x0000025007c5996d to 0x0000025007c59f30
Event: 7.092 Thread 0x00000250711ed0a0 Exception <a 'sun/nio/fs/WindowsException'{0x00000000835e23f8}> (0x00000000835e23f8) 
thrown [s\open\src\hotspot\share\prims\jni.cpp, line 516]
Event: 7.247 Thread 0x00000250711ed0a0 Implicit null exception at 0x0000025007cad16c to 0x0000025007cad21c
Event: 7.392 Thread 0x00000250711ed0a0 Exception <a 'java/lang/NoSuchMethodError'{0x0000000083009110}: 'java.lang.Object java.lang.invoke.DirectMethodHandle$Holder.invokeStaticInit(java.lang.Object, java.lang.Object, java.lang.Object, java.lang.Object)'> (0x0000000083009110) 
thrown [s\open\src\hotspot\share\interpreter\linkResolver.cpp, line 766]
Event: 7.968 Thread 0x00000250711ed0a0 Exception <a 'java/lang/NoSuchMethodError'{0x00000000847f9068}: 'java.lang.Object java.lang.invoke.DirectMethodHandle$Holder.newInvokeSpecial(java.lang.Object, java.lang.Object, int, java.lang.Object, java.lang.Object)'> (0x00000000847f9068) 
thrown [s\open\src\hotspot\share\interpreter\linkResolver.cpp, line 766]
Event: 8.283 Thread 0x00000250711ed0a0 Exception <a 'java/lang/NoSuchMethodError'{0x00000000841a6a00}: 'long java.lang.invoke.DelegatingMethodHandle$Holder.reinvoke_L(java.lang.Object, java.lang.Object)'> (0x00000000841a6a00) 
thrown [s\open\src\hotspot\share\interpreter\linkResolver.cpp, line 766]
Event: 8.284 Thread 0x00000250711ed0a0 Exception <a 'java/lang/NoSuchMethodError'{0x00000000841b12c0}: 'void java.lang.invoke.DelegatingMethodHandle$Holder.reinvoke_L(java.lang.Object, java.lang.Object, long)'> (0x00000000841b12c0) 
thrown [s\open\src\hotspot\share\interpreter\linkResolver.cpp, line 766]
Event: 8.285 Thread 0x00000250711ed0a0 Exception <a 'java/lang/NoSuchMethodError'{0x00000000841b8188}: 'long java.lang.invoke.Invokers$Holder.invokeExact_MT(java.lang.Object, java.lang.Object, java.lang.Object)'> (0x00000000841b8188) 
thrown [s\open\src\hotspot\share\interpreter\linkResolver.cpp, line 766]
Event: 8.399 Thread 0x00000250146c7510 Implicit null exception at 0x0000025007d003a0 to 0x0000025007d07b34

VM Operations (20 events):
Event: 6.098 Executing VM operation: G1CollectForAllocation
Event: 6.114 Executing VM operation: G1CollectForAllocation done
Event: 6.237 Executing VM operation: HandshakeAllThreads
Event: 6.238 Executing VM operation: HandshakeAllThreads done
Event: 7.088 Executing VM operation: HandshakeAllThreads
Event: 7.088 Executing VM operation: HandshakeAllThreads done
Event: 7.089 Executing VM operation: HandshakeAllThreads
Event: 7.089 Executing VM operation: HandshakeAllThreads done
Event: 7.093 Executing VM operation: HandshakeAllThreads
Event: 7.093 Executing VM operation: HandshakeAllThreads done
Event: 7.097 Executing VM operation: HandshakeAllThreads
Event: 7.097 Executing VM operation: HandshakeAllThreads done
Event: 7.420 Executing VM operation: CollectForMetadataAllocation
Event: 7.435 Executing VM operation: CollectForMetadataAllocation done
Event: 7.460 Executing VM operation: G1Concurrent
Event: 7.464 Executing VM operation: G1Concurrent done
Event: 7.464 Executing VM operation: G1Concurrent
Event: 7.464 Executing VM operation: G1Concurrent done
Event: 8.465 Executing VM operation: Cleanup
Event: 8.466 Executing VM operation: Cleanup done

Events (20 events):
Event: 0.589 Loaded shared library C:\Program Files\JetBrains\IntelliJ IDEA Community Edition 2022.2\bin\breakgen64.dll
Event: 0.590 Thread 0x0000025013237870 Thread added: 0x0000025013237870
Event: 0.590 Thread 0x000002501347f4f0 Thread added: 0x000002501347f4f0
Event: 0.639 Loaded shared library C:\Program Files\Java\jdk-18.0.1.1\bin\verify.dll
Event: 0.646 Loaded shared library C:\Program Files\Java\jdk-18.0.1.1\bin\jimage.dll
Event: 1.686 Loaded shared library C:\Program Files\Java\jdk-18.0.1.1\bin\management.dll
Event: 1.689 Loaded shared library C:\Program Files\Java\jdk-18.0.1.1\bin\management_ext.dll
Event: 1.830 Thread 0x0000025013bc5650 Thread added: 0x0000025013bc5650
Event: 2.432 Thread 0x0000025013bc5650 Thread exited: 0x0000025013bc5650
Event: 2.568 Thread 0x0000025013ba3060 Thread added: 0x0000025013ba3060
Event: 2.627 Thread 0x0000025013ba3060 Thread exited: 0x0000025013ba3060
Event: 5.452 Loaded shared library C:\Program Files\Java\jdk-18.0.1.1\bin\sunmscapi.dll
Event: 5.732 Thread 0x000002501586f010 Thread added: 0x000002501586f010
Event: 5.733 Thread 0x000002501557c010 Thread added: 0x000002501557c010
Event: 5.738 Thread 0x00000250152fc220 Thread added: 0x00000250152fc220
Event: 6.772 Thread 0x000002501316fe20 Thread exited: 0x000002501316fe20
Event: 7.110 Thread 0x000002501316fe20 Thread added: 0x000002501316fe20
Event: 7.294 Thread 0x00000250146ca060 Thread added: 0x00000250146ca060
Event: 7.402 Thread 0x00000250146c7510 Thread added: 0x00000250146c7510
Event: 8.704 Thread 0x000002501316fe20 Thread exited: 0x000002501316fe20


Dynamic libraries:
0x00007ff6bd8f0000 - 0x00007ff6bd900000 	C:\Program Files\Java\jdk-18.0.1.1\bin\java.exe
0x00007ff928310000 - 0x00007ff928508000 	C:\WINDOWS\SYSTEM32\ntdll.dll
0x00007ff927f00000 - 0x00007ff927fbd000 	C:\WINDOWS\System32\KERNEL32.DLL
0x00007ff925d10000 - 0x00007ff925fde000 	C:\WINDOWS\System32\KERNELBASE.dll
0x00007ff925c10000 - 0x00007ff925d10000 	C:\WINDOWS\System32\ucrtbase.dll
0x00007ff8f22c0000 - 0x00007ff8f22d8000 	C:\Program Files\Java\jdk-18.0.1.1\bin\jli.dll
0x00007ff927000000 - 0x00007ff9270ae000 	C:\WINDOWS\System32\ADVAPI32.dll
0x00007ff8f1740000 - 0x00007ff8f175a000 	C:\Program Files\Java\jdk-18.0.1.1\bin\VCRUNTIME140.dll
0x00007ff927fc0000 - 0x00007ff92805e000 	C:\WINDOWS\System32\msvcrt.dll
0x00007ff9263f0000 - 0x00007ff92648c000 	C:\WINDOWS\System32\sechost.dll
0x00007ff926cf0000 - 0x00007ff926e15000 	C:\WINDOWS\System32\RPCRT4.dll
0x00007ff926950000 - 0x00007ff926af0000 	C:\WINDOWS\System32\USER32.dll
0x00007ff925a30000 - 0x00007ff925a52000 	C:\WINDOWS\System32\win32u.dll
0x00007ff926e20000 - 0x00007ff926e4a000 	C:\WINDOWS\System32\GDI32.dll
0x00007ff925a60000 - 0x00007ff925b6b000 	C:\WINDOWS\System32\gdi32full.dll
0x00007ff925b70000 - 0x00007ff925c0d000 	C:\WINDOWS\System32\msvcp_win.dll
0x00007ff912c60000 - 0x00007ff912efa000 	C:\WINDOWS\WinSxS\amd64_microsoft.windows.common-controls_6595b64144ccf1df_6.0.19041.1110_none_60b5254171f9507e\COMCTL32.dll
0x00007ff9254f0000 - 0x00007ff9254fa000 	C:\WINDOWS\SYSTEM32\VERSION.dll
0x00007ff927310000 - 0x00007ff927340000 	C:\WINDOWS\System32\IMM32.DLL
0x00007ff8f9050000 - 0x00007ff8f905c000 	C:\Program Files\Java\jdk-18.0.1.1\bin\vcruntime140_1.dll
0x00007ff8cef80000 - 0x00007ff8cf00d000 	C:\Program Files\Java\jdk-18.0.1.1\bin\msvcp140.dll
0x00007ff8c9bd0000 - 0x00007ff8ca7e0000 	C:\Program Files\Java\jdk-18.0.1.1\bin\server\jvm.dll
0x00007ff926940000 - 0x00007ff926948000 	C:\WINDOWS\System32\PSAPI.DLL
0x00007ff923990000 - 0x00007ff923999000 	C:\WINDOWS\SYSTEM32\WSOCK32.dll
0x00007ff926c80000 - 0x00007ff926ceb000 	C:\WINDOWS\System32\WS2_32.dll
0x00007ff90a6f0000 - 0x00007ff90a717000 	C:\WINDOWS\SYSTEM32\WINMM.dll
0x00007ff924250000 - 0x00007ff924262000 	C:\WINDOWS\SYSTEM32\kernel.appcore.dll
0x00007ff8f8ca0000 - 0x00007ff8f8caa000 	C:\Program Files\Java\jdk-18.0.1.1\bin\jimage.dll
0x00007ff923780000 - 0x00007ff923964000 	C:\WINDOWS\SYSTEM32\DBGHELP.DLL
0x00007ff909c90000 - 0x00007ff909cbc000 	C:\WINDOWS\SYSTEM32\dbgcore.DLL
0x00007ff926290000 - 0x00007ff926312000 	C:\WINDOWS\System32\bcryptPrimitives.dll
0x00007ff9217e0000 - 0x00007ff9217ee000 	C:\Program Files\Java\jdk-18.0.1.1\bin\instrument.dll
0x00007ff8d8790000 - 0x00007ff8d87b5000 	C:\Program Files\Java\jdk-18.0.1.1\bin\java.dll
0x00007ff8ceea0000 - 0x00007ff8cef76000 	C:\Program Files\Java\jdk-18.0.1.1\bin\jsvml.dll
0x00007ff927340000 - 0x00007ff927a84000 	C:\WINDOWS\System32\SHELL32.dll
0x00007ff923aa0000 - 0x00007ff924234000 	C:\WINDOWS\SYSTEM32\windows.storage.dll
0x00007ff9265e0000 - 0x00007ff926934000 	C:\WINDOWS\System32\combase.dll
0x00007ff925350000 - 0x00007ff925380000 	C:\WINDOWS\SYSTEM32\Wldp.dll
0x00007ff926bd0000 - 0x00007ff926c7d000 	C:\WINDOWS\System32\SHCORE.dll
0x00007ff926580000 - 0x00007ff9265d5000 	C:\WINDOWS\System32\shlwapi.dll
0x00007ff925970000 - 0x00007ff92598f000 	C:\WINDOWS\SYSTEM32\profapi.dll
0x00007ff8d0c90000 - 0x00007ff8d0ca8000 	C:\Program Files\Java\jdk-18.0.1.1\bin\zip.dll
0x00007ff8d9a30000 - 0x00007ff8d9a43000 	C:\Program Files\Java\jdk-18.0.1.1\bin\net.dll
0x00007ff91bc20000 - 0x00007ff91bd2a000 	C:\WINDOWS\SYSTEM32\WINHTTP.dll
0x00007ff9250b0000 - 0x00007ff92511a000 	C:\WINDOWS\system32\mswsock.dll
0x00007ff8d1190000 - 0x00007ff8d11a6000 	C:\Program Files\Java\jdk-18.0.1.1\bin\nio.dll
0x00007ff8f98a0000 - 0x00007ff8f98ba000 	C:\Program Files\JetBrains\IntelliJ IDEA Community Edition 2022.2\bin\breakgen64.dll
0x00007ff8f3870000 - 0x00007ff8f3880000 	C:\Program Files\Java\jdk-18.0.1.1\bin\verify.dll
0x00007ff8f55d0000 - 0x00007ff8f55d9000 	C:\Program Files\Java\jdk-18.0.1.1\bin\management.dll
0x00007ff8f55c0000 - 0x00007ff8f55cb000 	C:\Program Files\Java\jdk-18.0.1.1\bin\management_ext.dll
0x00007ff91bf30000 - 0x00007ff91bf47000 	C:\WINDOWS\system32\napinsp.dll
0x00007ff9087f0000 - 0x00007ff90880b000 	C:\WINDOWS\system32\pnrpnsp.dll
0x00007ff91f2e0000 - 0x00007ff91f2f5000 	C:\WINDOWS\system32\wshbth.dll
0x00007ff921500000 - 0x00007ff92151d000 	C:\WINDOWS\system32\NLAapi.dll
0x00007ff924da0000 - 0x00007ff924ddb000 	C:\WINDOWS\SYSTEM32\IPHLPAPI.DLL
0x00007ff924de0000 - 0x00007ff924eaa000 	C:\WINDOWS\SYSTEM32\DNSAPI.dll
0x00007ff9282c0000 - 0x00007ff9282c8000 	C:\WINDOWS\System32\NSI.dll
0x00007ff9087d0000 - 0x00007ff9087e2000 	C:\WINDOWS\System32\winrnr.dll
0x000000006fb70000 - 0x000000006fb96000 	C:\Program Files\Bonjour\mdnsNSP.dll
0x00007ff91d9f0000 - 0x00007ff91d9fa000 	C:\Windows\System32\rasadhlp.dll
0x00007ff91a3a0000 - 0x00007ff91a420000 	C:\WINDOWS\System32\fwpuclnt.dll
0x00007ff926260000 - 0x00007ff926287000 	C:\WINDOWS\System32\bcrypt.dll
0x00007ff9252a0000 - 0x00007ff9252b8000 	C:\WINDOWS\SYSTEM32\CRYPTSP.dll
0x00007ff924a30000 - 0x00007ff924a64000 	C:\WINDOWS\system32\rsaenh.dll
0x00007ff9258f0000 - 0x00007ff92591e000 	C:\WINDOWS\SYSTEM32\USERENV.dll
0x00007ff9252c0000 - 0x00007ff9252cc000 	C:\WINDOWS\SYSTEM32\CRYPTBASE.dll
0x00007ff91d880000 - 0x00007ff91d897000 	C:\WINDOWS\SYSTEM32\dhcpcsvc6.DLL
0x00007ff91d940000 - 0x00007ff91d95d000 	C:\WINDOWS\SYSTEM32\dhcpcsvc.DLL
0x00007ff8f55b0000 - 0x00007ff8f55be000 	C:\Program Files\Java\jdk-18.0.1.1\bin\sunmscapi.dll
0x00007ff926090000 - 0x00007ff9261e6000 	C:\WINDOWS\System32\CRYPT32.dll
0x00007ff9253c0000 - 0x00007ff9253e7000 	C:\WINDOWS\SYSTEM32\ncrypt.dll
0x00007ff925380000 - 0x00007ff9253bb000 	C:\WINDOWS\SYSTEM32\NTASN1.dll

dbghelp: loaded successfully - version: 4.0.5 - missing functions: none
symbol engine: initialized successfully - sym options: 0x614 - pdb path: .;C:\Program Files\Java\jdk-18.0.1.1\bin;C:\WINDOWS\SYSTEM32;C:\WINDOWS\WinSxS\amd64_microsoft.windows.common-controls_6595b64144ccf1df_6.0.19041.1110_none_60b5254171f9507e;C:\Program Files\Java\jdk-18.0.1.1\bin\server;C:\Program Files\JetBrains\IntelliJ IDEA Community Edition 2022.2\bin;C:\Program Files\Bonjour

VM Arguments:
jvm_args: -javaagent:C:\Program Files\JetBrains\IntelliJ IDEA Community Edition 2022.2\lib\idea_rt.jar=50867:C:\Program Files\JetBrains\IntelliJ IDEA Community Edition 2022.2\bin -Dfile.encoding=UTF-8 
java_command: com.mintic.DevCore.DevCoreApplication
java_class_path (initial): C:\Users\James Caicedo\Desktop\DevCore\target\classes;C:\Users\James Caicedo\.m2\repository\org\springframework\boot\spring-boot-starter-data-jpa\2.7.3\spring-boot-starter-data-jpa-2.7.3.jar;C:\Users\James Caicedo\.m2\repository\org\springframework\boot\spring-boot-starter-aop\2.7.3\spring-boot-starter-aop-2.7.3.jar;C:\Users\James Caicedo\.m2\repository\org\springframework\spring-aop\5.3.22\spring-aop-5.3.22.jar;C:\Users\James Caicedo\.m2\repository\org\aspectj\aspectjweaver\1.9.7\aspectjweaver-1.9.7.jar;C:\Users\James Caicedo\.m2\repository\org\springframework\boot\spring-boot-starter-jdbc\2.7.3\spring-boot-starter-jdbc-2.7.3.jar;C:\Users\James Caicedo\.m2\repository\com\zaxxer\HikariCP\4.0.3\HikariCP-4.0.3.jar;C:\Users\James Caicedo\.m2\repository\org\springframework\spring-jdbc\5.3.22\spring-jdbc-5.3.22.jar;C:\Users\James Caicedo\.m2\repository\jakarta\transaction\jakarta.transaction-api\1.3.3\jakarta.transaction-api-1.3.3.jar;C:\Users\James Caicedo\.m2\repository\jakarta\persistence\jakarta.persistence-api\2.2.3\jakarta.persistence-api-2.2.3.jar;C:\Users\James Caicedo\.m2\repository\org\hibernate\hibernate-core\5.6.10.Final\hibernate-core-5.6.10.Final.jar;C:\Users\James Caicedo\.m2\repository\org\jboss\logging\jboss-logging\3.4.3.Final\jboss-logging-3.4.3.Final.jar;C:\Users\James Caicedo\.m2\repository\net\bytebuddy\byte-buddy\1.12.13\byte-buddy-1.12.13.jar;C:\Users\James Caicedo\.m2\repository\antlr\antlr\2.7.7\antlr-2.7.7.jar;C:\Users\James Caicedo\.m2\repository\org\jboss\jandex\2.4.2.Final\jandex-2.4.2.Final.jar;C:\Users\James Caicedo\.m2\repository\com\fasterxml\classmate\1.5.1\classmate-1.5.1.jar;C:\Users\James Caicedo\.m2\repository\org\hibernate\common\hibernate-commons-annotations\5.1.2.Final\hibernate-commons-annotations-5.1.2.Final.jar;C:\Users\James Caicedo\.m2\repository\org\glassfish\jaxb\jaxb-runtime\2.3.6\jaxb-runtime-2.3.6.jar;C:\Users\James Caicedo\.m2\repository\org\glassfish\jaxb\txw2\2.3.6\txw2-2.3.6.jar;C:\Users\James Caicedo\.m2\repository\com\sun\istack\istack-commons-runtime\3.0.12\istack-commons-runtime-3.0.12.jar;C:\Users\James Caicedo\.m2\repository\com\sun\activation\jakarta.activation\1.2.2\jakarta.activation-1.2.2.jar;C:\Users\James Caicedo\.m2\repository\org\springframework\data\spring-data-jpa\2.7.2\spring-data-jpa-2.7.2.jar;C:\Users\James Caicedo\.m2\repository\org\springframework\data\spring-data-commons\2.7.2\spring-data-commons-2.7.2.jar;C:\Users\James Caicedo\.m2\repository\org\springframework\spring-orm\5.3.22\spring-orm-5.3.22.jar;C:\Users\James Caicedo\.m2\repository\org\springframework\spring-context\5.3.22\spring-context-5.3.22.jar;C:\Users\James Caicedo\.m2\repository\org\springframework\spring-tx\5.3.22\spring-tx-5.3.22.jar;C:\Users\James Caicedo\.m2\repository\org\springframework\spring-beans\5.3.22\spring-beans-5.3.22.jar;C:\Users\James Caicedo\.m2\repository\org\slf4j\slf4j-api\1.7.36\slf4j-api-1.7.36.jar;C:\Users\James Caicedo\.m2\repository\org\springframework\spring-aspects\5.3.22\spring-aspects-5.3.22.jar;C:\Users\James Caicedo\.m2\repository\org\springframework\boot\spring-boot-starter-thymeleaf\2.7.3\spring-boot-starter-thymeleaf-2.7.3.jar;C:\Users\James Caicedo\.m2\repository\org\springframework\boot\spring-boot-starter\2.7.3\spring-boot-starter-2.7.3.jar;C:\Users\James Caicedo\.m2\repository\org\springframework\boot\spring-boot\2.7.3\spring-boot-2.7.3.jar;C:\Users\James Caicedo\.m2\repository\org\springframework\boot\spring-boot-autoconfigure\2.7.3\spring-boot-autoconfigure-2.7.3.jar;C:\Users\James Caicedo\.m2\repository\org\springframework\boot\spring-boot-starter-logging\2.7.3\spring-boot-starter-logging-2.7.3.jar;C:\Users\James Caicedo\.m2\repository\ch\qos\logback\logback-classic\1.2.11\logback-classic-1.2.11.jar;C:\Users\James Caicedo\.m2\repository\ch\qos\logback\logback-core\1.2.11\logback-core-1.2.11.jar;C:\Users\James Caicedo\.m2\repository\org\apache\logging\log4j\log4j-to-slf4j\2.17.2\log4j-to-slf4j-2.17.2.jar;C:\Users\James Caicedo\.m2\repository\org\apache\logging\log4j\log4j-api\2.17.2\log4j-api-2.17.2.jar;C:\Users\James Caicedo\.m2\repository\org\slf4j\jul-to-slf4j\1.7.36\jul-to-slf4j-1.7.36.jar;C:\Users\James Caicedo\.m2\repository\jakarta\annotation\jakarta.annotation-api\1.3.5\jakarta.annotation-api-1.3.5.jar;C:\Users\James Caicedo\.m2\repository\org\yaml\snakeyaml\1.30\snakeyaml-1.30.jar;C:\Users\James Caicedo\.m2\repository\org\thymeleaf\thymeleaf-spring5\3.0.15.RELEASE\thymeleaf-spring5-3.0.15.RELEASE.jar;C:\Users\James Caicedo\.m2\repository\org\thymeleaf\thymeleaf\3.0.15.RELEASE\thymeleaf-3.0.15.RELEASE.jar;C:\Users\James Caicedo\.m2\repository\org\attoparser\attoparser\2.0.5.RELEASE\attoparser-2.0.5.RELEASE.jar;C:\Users\James Caicedo\.m2\repository\org\unbescape\unbescape\1.1.6.RELEASE\unbescape-1.1.6.RELEASE.jar;C:\Users\James Caicedo\.m2\repository\org\thymeleaf\extras\thymeleaf-extras-java8time\3.0.4.RELEASE\thymeleaf-extras-java8time-3.0.4.RELEASE.jar;C:\Users\James Caicedo\.m2\repository\org\springframework\boot\spring-boot-starter-web\2.7.3\spring-boot-starter-web-2.7.3.jar;C:\Users\James Caicedo\.m2\repository\org\springframework\boot\spring-boot-starter-json\2.7.3\spring-boot-starter-json-2.7.3.jar;C:\Users\James Caicedo\.m2\repository\com\fasterxml\jackson\core\jackson-databind\2.13.3\jackson-databind-2.13.3.jar;C:\Users\James Caicedo\.m2\repository\com\fasterxml\jackson\core\jackson-annotations\2.13.3\jackson-annotations-2.13.3.jar;C:\Users\James Caicedo\.m2\repository\com\fasterxml\jackson\core\jackson-core\2.13.3\jackson-core-2.13.3.jar;C:\Users\James Caicedo\.m2\repository\com\fasterxml\jackson\datatype\jackson-datatype-jdk8\2.13.3\jackson-datatype-jdk8-2.13.3.jar;C:\Users\James Caicedo\.m2\repository\com\fasterxml\jackson\datatype\jackson-datatype-jsr310\2.13.3\jackson-datatype-jsr310-2.13.3.jar;C:\Users\James Caicedo\.m2\repository\com\fasterxml\jackson\module\jackson-module-parameter-names\2.13.3\jackson-module-parameter-names-2.13.3.jar;C:\Users\James Caicedo\.m2\repository\org\springframework\boot\spring-boot-starter-tomcat\2.7.3\spring-boot-starter-tomcat-2.7.3.jar;C:\Users\James Caicedo\.m2\repository\org\apache\tomcat\embed\tomcat-embed-core\9.0.65\tomcat-embed-core-9.0.65.jar;C:\Users\James Caicedo\.m2\repository\org\apache\tomcat\embed\tomcat-embed-el\9.0.65\tomcat-embed-el-9.0.65.jar;C:\Users\James Caicedo\.m2\repository\org\apache\tomcat\embed\tomcat-embed-websocket\9.0.65\tomcat-embed-websocket-9.0.65.jar;C:\Users\James Caicedo\.m2\repository\org\springframework\spring-web\5.3.22\spring-web-5.3.22.jar;C:\Users\James Caicedo\.m2\repository\org\springframework\spring-webmvc\5.3.22\spring-webmvc-5.3.22.jar;C:\Users\James Caicedo\.m2\repository\org\springframework\spring-expression\5.3.22\spring-expression-5.3.22.jar;C:\Users\James Caicedo\.m2\repository\org\postgresql\postgresql\42.3.6\postgresql-42.3.6.jar;C:\Users\James Caicedo\.m2\repository\org\checkerframework\checker-qual\3.5.0\checker-qual-3.5.0.jar;C:\Users\James Caicedo\.m2\repository\org\projectlombok\lombok\1.18.24\lombok-1.18.24.jar;C:\Users\James Caicedo\.m2\repository\jakarta\xml\bind\jakarta.xml.bind-api\2.3.3\jakarta.xml.bind-api-2.3.3.jar;C:\Users\James Caicedo\.m2\repository\jakarta\activation\jakarta.activation-api\1.2.2\jakarta.activation-api-1.2.2.jar;C:\Users\James Caicedo\.m2\repository\org\springframework\spring-core\5.3.22\spring-core-5.3.22.jar;C:\Users\James Caicedo\.m2\repository\org\springframework\spring-jcl\5.3.22\spring-jcl-5.3.22.jar
Launcher Type: SUN_STANDARD

[Global flags]
     intx CICompilerCount                          = 3                                         {product} {ergonomic}
     uint ConcGCThreads                            = 1                                         {product} {ergonomic}
     uint G1ConcRefinementThreads                  = 4                                         {product} {ergonomic}
   size_t G1HeapRegionSize                         = 1048576                                   {product} {ergonomic}
    uintx GCDrainStackTargetSize                   = 64                                        {product} {ergonomic}
   size_t InitialHeapSize                          = 134217728                                 {product} {ergonomic}
   size_t MarkStackSize                            = 4194304                                   {product} {ergonomic}
   size_t MaxHeapSize                              = 2122317824                                {product} {ergonomic}
   size_t MaxNewSize                               = 1272971264                                {product} {ergonomic}
   size_t MinHeapDeltaBytes                        = 1048576                                   {product} {ergonomic}
   size_t MinHeapSize                              = 8388608                                   {product} {ergonomic}
    uintx NonNMethodCodeHeapSize                   = 5832780                                {pd product} {ergonomic}
    uintx NonProfiledCodeHeapSize                  = 122912730                              {pd product} {ergonomic}
    uintx ProfiledCodeHeapSize                     = 122912730                              {pd product} {ergonomic}
    uintx ReservedCodeCacheSize                    = 251658240                              {pd product} {ergonomic}
     bool SegmentedCodeCache                       = true                                      {product} {ergonomic}
   size_t SoftMaxHeapSize                          = 2122317824                             {manageable} {ergonomic}
     bool UseCompressedClassPointers               = true                           {product lp64_product} {ergonomic}
     bool UseCompressedOops                        = true                           {product lp64_product} {ergonomic}
     bool UseG1GC                                  = true                                      {product} {ergonomic}
     bool UseLargePagesIndividualAllocation        = false                                  {pd product} {ergonomic}

Logging:
Log output configuration:
 #0: stdout all=warning uptime,level,tags foldmultilines=false
 #1: stderr all=off uptime,level,tags foldmultilines=false

Environment Variables:
PATH=C:\Program Files\Common Files\Oracle\Java\javapath;C:\Program Files (x86)\Intel\iCLS Client\;C:\Program Files\Intel\iCLS Client\;C:\WINDOWS\system32;C:\WINDOWS;C:\WINDOWS\System32\Wbem;C:\WINDOWS\System32\WindowsPowerShell\v1.0\;C:\Program Files (x86)\Intel\Intel(R) Management Engine Components\DAL;C:\Program Files\Intel\Intel(R) Management Engine Components\DAL;C:\Program Files (x86)\Intel\Intel(R) Management Engine Components\IPT;C:\Program Files\Intel\Intel(R) Management Engine Components\IPT;C:\WINDOWS\System32\OpenSSH\;C:\Program Files\Microsoft SQL Server\120\Tools\Binn\;C:\Program Files\Common Files\Autodesk Shared\;C:\WINDOWS\system32;C:\WINDOWS;C:\WINDOWS\System32\Wbem;C:\WINDOWS\System32\WindowsPowerShell\v1.0\;C:\WINDOWS\System32\OpenSSH\;C:\Program Files\Git\cmd;C:\Users\James Caicedo\AppData\Local\Programs\Python\Python310\Scripts\;C:\Users\James Caicedo\AppData\Local\Programs\Python\Python310\;C:\Users\James Caicedo\AppData\Local\Programs\Python\Python38-32\Scripts\;C:\Users\James Caicedo\AppData\Local\Programs\Python\Python38-32\;C:\Users\James Caicedo\AppData\Local\Microsoft\WindowsApps;;C:\Users\James Caicedo\AppData\Local\Programs\Microsoft VS Code\bin;C:\Program Files\JetBrains\IntelliJ IDEA Community Edition 2022.2\bin;
USERNAME=James Caicedo
OS=Windows_NT
PROCESSOR_IDENTIFIER=Intel64 Family 6 Model 78 Stepping 3, GenuineIntel



---------------  S Y S T E M  ---------------

OS:
 Windows 10 , 64 bit Build 19041 (10.0.19041.1889)
OS uptime: 3 days 0:26 hours

CPU: total 4 (initial active 4) (2 cores per cpu, 2 threads per core) family 6 model 78 stepping 3 microcode 0xcc, cx8, cmov, fxsr, ht, mmx, 3dnowpref, sse, sse2, sse3, ssse3, sse4.1, sse4.2, popcnt, lzcnt, tsc, tscinvbit, avx, avx2, aes, erms, clmul, bmi1, bmi2, adx, fma, vzeroupper, clflush, clflushopt

Memory: 4k page, system-wide physical 8091M (1300M free)
TotalPageFile size 13065M (AvailPageFile size 5M)
current process WorkingSet (physical memory assigned to process): 206M, peak: 207M
current process commit charge ("private bytes"): 237M, peak: 260M

vm_info: Java HotSpot(TM) 64-Bit Server VM (18.0.1.1+2-6) for windows-amd64 JRE (18.0.1.1+2-6), built on Apr 25 2022 21:53:15 by "mach5one" with MS VC++ 16.8 / 16.9 (VS2019)

END.
